2021-12-19 16:01:50,878 : WARN  : main :  : Node : CSV Reader : 3:1 : Please specify a file
2021-12-19 16:13:09,828 : WARN  : main :  : Node : File Reader : 3:3 : Please specify a file
2021-12-19 16:22:51,620 : WARN  : main :  : WrappedNodeDialog : String Manipulation (Multi Column) : 3:5 : failed to apply settings: org.knime.ext.sun.nodes.script.compile.CompilationFailedException: Unable to compile expression
ERROR at line 66
The method __variable_0removeChars(java.lang.String) is undefined for the type Expression0
  Line : 65    public java.lang.String internalEvaluate() throws Abort {
  Line : 66  return __variable_0removeChars("?");
org.knime.core.node.InvalidSettingsException: org.knime.ext.sun.nodes.script.compile.CompilationFailedException: Unable to compile expression
ERROR at line 66
The method __variable_0removeChars(java.lang.String) is undefined for the type Expression0
  Line : 65    public java.lang.String internalEvaluate() throws Abort {
  Line : 66  return __variable_0removeChars("?");
	at org.knime.base.node.preproc.stringmanipulation.multicolumn.MultiColumnStringManipulationNodeModel.validateSettings(MultiColumnStringManipulationNodeModel.java:264)
	at org.knime.core.node.Node.validateModelSettings(Node.java:690)
	at org.knime.core.node.workflow.NativeNodeContainer.performValidateSettings(NativeNodeContainer.java:1100)
	at org.knime.core.node.workflow.SingleNodeContainer.validateSettings(SingleNodeContainer.java:913)
	at org.knime.core.node.workflow.WorkflowManager.loadNodeSettings(WorkflowManager.java:1975)
	at org.knime.core.node.workflow.NodeContainer.applySettingsFromDialog(NodeContainer.java:1088)
	at org.knime.core.ui.wrapper.NodeContainerWrapper.applySettingsFromDialog(NodeContainerWrapper.java:264)
	at org.knime.workbench.ui.wrapper.WrappedNodeDialog.doApply(WrappedNodeDialog.java:644)
	at org.knime.workbench.ui.wrapper.WrappedNodeDialog.doOK(WrappedNodeDialog.java:559)
	at org.knime.workbench.ui.wrapper.WrappedNodeDialog$5.widgetSelected(WrappedNodeDialog.java:495)
	at org.eclipse.swt.widgets.TypedListener.handleEvent(TypedListener.java:252)
	at org.eclipse.swt.widgets.EventTable.sendEvent(EventTable.java:89)
	at org.eclipse.swt.widgets.Display.sendEvent(Display.java:4209)
	at org.eclipse.swt.widgets.Widget.sendEvent(Widget.java:1043)
	at org.eclipse.swt.widgets.Display.runDeferredEvents(Display.java:4026)
	at org.eclipse.swt.widgets.Display.readAndDispatch(Display.java:3626)
	at org.eclipse.jface.window.Window.runEventLoop(Window.java:823)
	at org.eclipse.jface.window.Window.open(Window.java:799)
	at org.knime.workbench.ui.wrapper.WrappedNodeDialog.open(WrappedNodeDialog.java:199)
	at org.knime.workbench.editor2.editparts.NodeContainerEditPart.openDialog(NodeContainerEditPart.java:935)
	at org.knime.workbench.editor2.editparts.NodeContainerEditPart.openNodeDialog(NodeContainerEditPart.java:843)
	at org.knime.workbench.editor2.editparts.NodeContainerEditPart.openDialog(NodeContainerEditPart.java:832)
	at org.knime.workbench.editor2.editparts.NodeContainerEditPart.performRequest(NodeContainerEditPart.java:396)
	at org.eclipse.gef.tools.SelectEditPartTracker.performOpen(SelectEditPartTracker.java:194)
	at org.eclipse.gef.tools.SelectEditPartTracker.handleDoubleClick(SelectEditPartTracker.java:137)
	at org.knime.workbench.editor2.WorkflowSelectionDragEditPartsTracker.handleDoubleClick(WorkflowSelectionDragEditPartsTracker.java:126)
	at org.eclipse.gef.tools.AbstractTool.mouseDoubleClick(AbstractTool.java:1069)
	at org.eclipse.gef.tools.SelectionTool.mouseDoubleClick(SelectionTool.java:527)
	at org.eclipse.gef.EditDomain.mouseDoubleClick(EditDomain.java:231)
	at org.eclipse.gef.ui.parts.DomainEventDispatcher.dispatchMouseDoubleClicked(DomainEventDispatcher.java:291)
	at org.eclipse.draw2d.LightweightSystem$EventHandler.mouseDoubleClick(LightweightSystem.java:518)
	at org.eclipse.swt.widgets.TypedListener.handleEvent(TypedListener.java:200)
	at org.eclipse.swt.widgets.EventTable.sendEvent(EventTable.java:89)
	at org.eclipse.swt.widgets.Display.sendEvent(Display.java:4209)
	at org.eclipse.swt.widgets.Widget.sendEvent(Widget.java:1043)
	at org.eclipse.swt.widgets.Display.runDeferredEvents(Display.java:4026)
	at org.eclipse.swt.widgets.Display.readAndDispatch(Display.java:3626)
	at org.eclipse.e4.ui.internal.workbench.swt.PartRenderingEngine$5.run(PartRenderingEngine.java:1157)
	at org.eclipse.core.databinding.observable.Realm.runWithDefault(Realm.java:338)
	at org.eclipse.e4.ui.internal.workbench.swt.PartRenderingEngine.run(PartRenderingEngine.java:1046)
	at org.eclipse.e4.ui.internal.workbench.E4Workbench.createAndRunUI(E4Workbench.java:155)
	at org.eclipse.ui.internal.Workbench.lambda$3(Workbench.java:644)
	at org.eclipse.core.databinding.observable.Realm.runWithDefault(Realm.java:338)
	at org.eclipse.ui.internal.Workbench.createAndRunWorkbench(Workbench.java:551)
	at org.eclipse.ui.PlatformUI.createAndRunWorkbench(PlatformUI.java:156)
	at org.knime.product.rcp.KNIMEApplication.start(KNIMEApplication.java:184)
	at org.eclipse.equinox.internal.app.EclipseAppHandle.run(EclipseAppHandle.java:203)
	at org.eclipse.core.runtime.internal.adaptor.EclipseAppLauncher.runApplication(EclipseAppLauncher.java:134)
	at org.eclipse.core.runtime.internal.adaptor.EclipseAppLauncher.start(EclipseAppLauncher.java:104)
	at org.eclipse.core.runtime.adaptor.EclipseStarter.run(EclipseStarter.java:401)
	at org.eclipse.core.runtime.adaptor.EclipseStarter.run(EclipseStarter.java:255)
	at java.base/jdk.internal.reflect.NativeMethodAccessorImpl.invoke0(Native Method)
	at java.base/jdk.internal.reflect.NativeMethodAccessorImpl.invoke(Unknown Source)
	at java.base/jdk.internal.reflect.DelegatingMethodAccessorImpl.invoke(Unknown Source)
	at java.base/java.lang.reflect.Method.invoke(Unknown Source)
	at org.eclipse.equinox.launcher.Main.invokeFramework(Main.java:653)
	at org.eclipse.equinox.launcher.Main.basicRun(Main.java:590)
	at org.eclipse.equinox.launcher.Main.run(Main.java:1461)
Caused by: org.knime.ext.sun.nodes.script.compile.CompilationFailedException: Unable to compile expression
ERROR at line 66
The method __variable_0removeChars(java.lang.String) is undefined for the type Expression0
  Line : 65    public java.lang.String internalEvaluate() throws Abort {
  Line : 66  return __variable_0removeChars("?");
	at org.knime.ext.sun.nodes.script.compile.JavaCodeCompiler.compile(JavaCodeCompiler.java:333)
	at org.knime.ext.sun.nodes.script.expression.Expression.<init>(Expression.java:217)
	at org.knime.ext.sun.nodes.script.expression.Expression.compile(Expression.java:619)
	at org.knime.ext.sun.nodes.script.settings.JavaScriptingSettings.setInputAndCompile(JavaScriptingSettings.java:432)
	at org.knime.base.node.preproc.stringmanipulation.multicolumn.MultiColumnStringManipulationCalculator.create(MultiColumnStringManipulationCalculator.java:274)
	at org.knime.base.node.preproc.stringmanipulation.multicolumn.MultiColumnStringManipulationNodeModel.validateSettings(MultiColumnStringManipulationNodeModel.java:256)
	... 57 more
2021-12-19 16:27:14,404 : WARN  : KNIME-Worker-15-String To Number 3:7 :  : AbstractStringToNumberNodeModel : String To Number : 3:7 : Values in 26 cells could not be parsed, first error: '?' (RowKey: Row37, Position: 1)
2021-12-19 16:27:14,406 : WARN  : KNIME-Worker-15-String To Number 3:7 :  : Node : String To Number : 3:7 : Problems occurred, see Console messages.
2021-12-19 16:27:49,623 : WARN  : main :  : Node : String Replacer : 3:8 : Selected column 'null' does not exist in input table
2021-12-19 16:40:36,903 : WARN  : KNIME-Worker-84-Missing Value 3:6 :  : Node : Missing Value : 3:6 : Column "STDs: Time since first diagnosis" still contains missing values.
Column "STDs: Time since last diagnosis" still contains missing values.
Column "IUD" still contains missing values.
Column "IUD (years)" still contains missing values.
Column "Smokes (years)" still contains missing values.
Column "Smokes (packs/year)" still contains missing values.
Column "Hormonal Contraceptives (years)" still contains missing values.
Column "STDs" still contains missing values.
Column "STDs (number)" still contains missing values.
Column "STDs:condylomatosis" still contains missing values.
Column "STDs:cervical condylomatosis" still contains missing values.
Column "STDs:vaginal condylomatosis" still contains missing values.
Column "STDs:vulvo-perineal condylomatosis" still contains missing values.
Column "STDs:syphilis" still contains missing values.
Column "STDs:pelvic inflammatory disease" still contains missing values.
Column "STDs:genital herpes" still contains missing values.
Column "STDs:molluscum contagiosum" still contains missing values.
Column "STDs:AIDS" still contains missing values.
Column "STDs:HIV" still contains missing values.
Column "STDs:Hepatitis B" still contains missing values.
Column "STDs:HPV" still contains missing values.
2021-12-20 15:59:39,060 : WARN  : main :  : Node : Column Comparator : 0:9 : No column is selected for comparison.
2021-12-20 16:08:06,232 : WARN  : ModalContext :  : Node : Column Comparator : 0:9 : No column is selected for comparison.
2021-12-20 16:27:06,662 : WARN  : KNIME-Worker-18-Column Auto Type Cast 0:7 :  : Node : Column Comparator : 0:9 : No column is selected for comparison.
2021-12-20 16:30:16,184 : WARN  : main :  : Node : Math Formula (Multi Column) : 0:13 : No configuration available
2021-12-20 16:30:41,160 : WARN  : main :  : WrappedNodeDialog : Math Formula (Multi Column) : 0:13 : failed to apply settings: No such column: column
org.knime.core.node.InvalidSettingsException: No such column: column
	at org.knime.ext.jep.ExpressionParser.handleColumn(ExpressionParser.java:348)
	at org.knime.ext.jep.ExpressionParser.dollarFound(ExpressionParser.java:264)
	at org.knime.ext.jep.ExpressionParser.parse(ExpressionParser.java:171)
	at org.knime.ext.jep.ExpressionParser.<init>(ExpressionParser.java:146)
	at org.knime.ext.jep.multicolumn.MultiColumnJEPNodeModel.createParsersForSelectedColumns(MultiColumnJEPNodeModel.java:301)
	at org.knime.ext.jep.multicolumn.MultiColumnJEPNodeDialogPane.saveSettingsTo(MultiColumnJEPNodeDialogPane.java:323)
	at org.knime.core.node.NodeDialogPane.internalSaveSettingsTo(NodeDialogPane.java:532)
	at org.knime.core.node.NodeDialogPane$4.run(NodeDialogPane.java:766)
	at org.knime.core.node.util.ViewUtils$3.run(ViewUtils.java:353)
	at org.knime.core.node.util.ViewUtils$2.run(ViewUtils.java:155)
	at java.desktop/java.awt.event.InvocationEvent.dispatch(Unknown Source)
	at java.desktop/java.awt.EventQueue.dispatchEventImpl(Unknown Source)
	at java.desktop/java.awt.EventQueue$4.run(Unknown Source)
	at java.desktop/java.awt.EventQueue$4.run(Unknown Source)
	at java.base/java.security.AccessController.doPrivileged(Native Method)
	at java.base/java.security.ProtectionDomain$JavaSecurityAccessImpl.doIntersectionPrivilege(Unknown Source)
	at java.desktop/java.awt.EventQueue.dispatchEvent(Unknown Source)
	at java.desktop/java.awt.EventDispatchThread.pumpOneEventForFilters(Unknown Source)
	at java.desktop/java.awt.EventDispatchThread.pumpEventsForFilter(Unknown Source)
	at java.desktop/java.awt.EventDispatchThread.pumpEventsForHierarchy(Unknown Source)
	at java.desktop/java.awt.EventDispatchThread.pumpEvents(Unknown Source)
	at java.desktop/java.awt.EventDispatchThread.pumpEvents(Unknown Source)
	at java.desktop/java.awt.EventDispatchThread.run(Unknown Source)
2021-12-20 16:32:07,036 : WARN  : KNIME-Worker-28-Column Auto Type Cast 0:7 :  : Node : Column Comparator : 0:9 : No column is selected for comparison.
2021-12-20 16:49:52,173 : WARN  : KNIME-Worker-51-Missing Value 0:6 :  : Node : Missing Value : 0:6 : Column "Smokes (years)" still contains missing values.
Column "Smokes (packs/year)" still contains missing values.
2021-12-20 16:55:20,665 : WARN  : AWT-EventQueue-0 :  : ColumnHandlingFactorySelectionPanel : Missing Value : 0:6 : get warnings during panel validation: [Some columns no longer exist (red bordered)]
2021-12-20 16:55:20,688 : WARN  : AWT-EventQueue-0 :  : ColumnHandlingFactorySelectionPanel : Missing Value : 0:6 : get warnings during panel validation: [Some columns no longer exist (red bordered)]
2021-12-20 16:59:53,054 : WARN  : main :  : Node : AttributeSelectedClassifier (3.7) : 0:12 : No target column specified. Target column was set to Biopsy
2021-12-20 17:00:17,350 : ERROR : KNIME-Worker-91-AttributeSelectedClassifier (3.7) 0:12 :  : Node : AttributeSelectedClassifier (3.7) : 0:12 : Execute failed: Unsupported attribute type exception in Weka: weka.classifiers.trees.j48.C45PruneableClassifierTree: Cannot handle numeric class!
org.knime.core.node.InvalidSettingsException: Unsupported attribute type exception in Weka: weka.classifiers.trees.j48.C45PruneableClassifierTree: Cannot handle numeric class!
	at org.knime.ext.weka37.classifier.WekaClassifierNodeModel.execute(WekaClassifierNodeModel.java:272)
	at org.knime.core.node.NodeModel.executeModel(NodeModel.java:549)
	at org.knime.core.node.Node.invokeFullyNodeModelExecute(Node.java:1259)
	at org.knime.core.node.Node.execute(Node.java:1039)
	at org.knime.core.node.workflow.NativeNodeContainer.performExecuteNode(NativeNodeContainer.java:559)
	at org.knime.core.node.exec.LocalNodeExecutionJob.mainExecute(LocalNodeExecutionJob.java:95)
	at org.knime.core.node.workflow.NodeExecutionJob.internalRun(NodeExecutionJob.java:201)
	at org.knime.core.node.workflow.NodeExecutionJob.run(NodeExecutionJob.java:117)
	at org.knime.core.util.ThreadUtils$RunnableWithContextImpl.runWithContext(ThreadUtils.java:365)
	at org.knime.core.util.ThreadUtils$RunnableWithContext.run(ThreadUtils.java:219)
	at java.base/java.util.concurrent.Executors$RunnableAdapter.call(Unknown Source)
	at java.base/java.util.concurrent.FutureTask.run(Unknown Source)
	at org.knime.core.util.ThreadPool$MyFuture.run(ThreadPool.java:123)
	at org.knime.core.util.ThreadPool$Worker.run(ThreadPool.java:246)
2021-12-20 17:02:36,894 : ERROR : KNIME-Worker-94-AttributeSelectedClassifier (3.7) 0:12 :  : Node : AttributeSelectedClassifier (3.7) : 0:12 : Execute failed: Weka classifier cannot work with given data. Reason: weka.attributeSelection.InfoGainAttributeEval: Cannot handle numeric class!
java.lang.Exception: Weka classifier cannot work with given data. Reason: weka.attributeSelection.InfoGainAttributeEval: Cannot handle numeric class!
	at org.knime.ext.weka37.classifier.WekaClassifierNodeModel.execute(WekaClassifierNodeModel.java:238)
	at org.knime.core.node.NodeModel.executeModel(NodeModel.java:549)
	at org.knime.core.node.Node.invokeFullyNodeModelExecute(Node.java:1259)
	at org.knime.core.node.Node.execute(Node.java:1039)
	at org.knime.core.node.workflow.NativeNodeContainer.performExecuteNode(NativeNodeContainer.java:559)
	at org.knime.core.node.exec.LocalNodeExecutionJob.mainExecute(LocalNodeExecutionJob.java:95)
	at org.knime.core.node.workflow.NodeExecutionJob.internalRun(NodeExecutionJob.java:201)
	at org.knime.core.node.workflow.NodeExecutionJob.run(NodeExecutionJob.java:117)
	at org.knime.core.util.ThreadUtils$RunnableWithContextImpl.runWithContext(ThreadUtils.java:365)
	at org.knime.core.util.ThreadUtils$RunnableWithContext.run(ThreadUtils.java:219)
	at java.base/java.util.concurrent.Executors$RunnableAdapter.call(Unknown Source)
	at java.base/java.util.concurrent.FutureTask.run(Unknown Source)
	at org.knime.core.util.ThreadPool$MyFuture.run(ThreadPool.java:123)
	at org.knime.core.util.ThreadPool$Worker.run(ThreadPool.java:246)
2021-12-20 17:03:11,806 : ERROR : KNIME-Worker-95-AttributeSelectedClassifier (3.7) 0:12 :  : Node : AttributeSelectedClassifier (3.7) : 0:12 : Execute failed: Weka classifier cannot work with given data. Reason: weka.attributeSelection.CorrelationAttributeEval: Cannot handle numeric class!
java.lang.Exception: Weka classifier cannot work with given data. Reason: weka.attributeSelection.CorrelationAttributeEval: Cannot handle numeric class!
	at org.knime.ext.weka37.classifier.WekaClassifierNodeModel.execute(WekaClassifierNodeModel.java:238)
	at org.knime.core.node.NodeModel.executeModel(NodeModel.java:549)
	at org.knime.core.node.Node.invokeFullyNodeModelExecute(Node.java:1259)
	at org.knime.core.node.Node.execute(Node.java:1039)
	at org.knime.core.node.workflow.NativeNodeContainer.performExecuteNode(NativeNodeContainer.java:559)
	at org.knime.core.node.exec.LocalNodeExecutionJob.mainExecute(LocalNodeExecutionJob.java:95)
	at org.knime.core.node.workflow.NodeExecutionJob.internalRun(NodeExecutionJob.java:201)
	at org.knime.core.node.workflow.NodeExecutionJob.run(NodeExecutionJob.java:117)
	at org.knime.core.util.ThreadUtils$RunnableWithContextImpl.runWithContext(ThreadUtils.java:365)
	at org.knime.core.util.ThreadUtils$RunnableWithContext.run(ThreadUtils.java:219)
	at java.base/java.util.concurrent.Executors$RunnableAdapter.call(Unknown Source)
	at java.base/java.util.concurrent.FutureTask.run(Unknown Source)
	at org.knime.core.util.ThreadPool$MyFuture.run(ThreadPool.java:123)
	at org.knime.core.util.ThreadPool$Worker.run(ThreadPool.java:246)
2021-12-20 17:05:04,530 : WARN  : main :  : Node : Feature Selection Loop Start (1:1) : 0:5:8 : No feature columns selected. Please specify the feature columns in the dialog.
2021-12-20 17:05:25,750 : WARN  : main :  : Node : Feature Selection Loop Start (1:1) : 0:5:8 : No feature columns selected. Please specify the feature columns in the dialog.
2021-12-20 17:07:12,221 : WARN  : main :  : Node : Naive Bayes Learner : 0:5:11 : Classification column preset to null
2021-12-20 17:07:12,222 : WARN  : main :  : Node : Naive Bayes Learner : 0:5:11 : Classification column not found in input table
2021-12-20 17:08:08,249 : WARN  : main :  : Node : Scorer (deprecated) : 0:5:7 : Column 'class' not found.
2021-12-20 17:10:49,236 : WARN  : main :  : Node : Scorer (deprecated) : 0:5:7 : Column 'class' not found.
2021-12-20 17:11:08,804 : WARN  : main :  : Node : Scorer (deprecated) : 0:5:7 : Column 'class' not found.
2021-12-20 17:11:42,144 : ERROR : KNIME-Worker-99-Linear Regression Learner 0:5:12 :  : Node : Linear Regression Learner : 0:5:12 : Execute failed: Missing value support disabled, see node configuration dialog.
java.lang.IllegalStateException: Missing value support disabled, see node configuration dialog.
	at org.knime.base.node.mine.regression.RegressionTrainingRow$MissingHandling.isMissing(RegressionTrainingRow.java:93)
	at org.knime.base.node.mine.regression.RegressionTrainingRow.<init>(RegressionTrainingRow.java:184)
	at org.knime.base.node.mine.regression.RegressionTrainingDataIterator.next(RegressionTrainingDataIterator.java:138)
	at org.knime.base.node.mine.regression.RegressionTrainingDataIterator.next(RegressionTrainingDataIterator.java:1)
	at org.knime.base.node.mine.regression.linear2.learner.Learner.processTable(Learner.java:176)
	at org.knime.base.node.mine.regression.linear2.learner.Learner.perform(Learner.java:114)
	at org.knime.base.node.mine.regression.linear2.learner.LinReg2Learner.execute(LinReg2Learner.java:150)
	at org.knime.base.node.mine.regression.linear2.learner.LinReg2LearnerNodeModel.execute(LinReg2LearnerNodeModel.java:169)
	at org.knime.core.node.NodeModel.executeModel(NodeModel.java:549)
	at org.knime.core.node.Node.invokeFullyNodeModelExecute(Node.java:1259)
	at org.knime.core.node.Node.execute(Node.java:1039)
	at org.knime.core.node.workflow.NativeNodeContainer.performExecuteNode(NativeNodeContainer.java:559)
	at org.knime.core.node.exec.LocalNodeExecutionJob.mainExecute(LocalNodeExecutionJob.java:95)
	at org.knime.core.node.workflow.NodeExecutionJob.internalRun(NodeExecutionJob.java:201)
	at org.knime.core.node.workflow.NodeExecutionJob.run(NodeExecutionJob.java:117)
	at org.knime.core.util.ThreadUtils$RunnableWithContextImpl.runWithContext(ThreadUtils.java:365)
	at org.knime.core.util.ThreadUtils$RunnableWithContext.run(ThreadUtils.java:219)
	at java.base/java.util.concurrent.Executors$RunnableAdapter.call(Unknown Source)
	at java.base/java.util.concurrent.FutureTask.run(Unknown Source)
	at org.knime.core.util.ThreadPool$MyFuture.run(ThreadPool.java:123)
	at org.knime.core.util.ThreadPool$Worker.run(ThreadPool.java:246)
2021-12-20 17:12:15,373 : WARN  : KNIME-Worker-102-Linear Regression Learner 0:5:12 :  : Node : Linear Regression Learner : 0:5:12 : The following columns are redundant and will not contribute to the model: STDs:vulvo-perineal condylomatosis. Coefficient statistics will not be accurate and contain missing information.
2021-12-20 17:12:15,549 : WARN  : KNIME-Worker-116-Linear Regression Learner 0:5:12 :  : Node : Linear Regression Learner : 0:5:12 : The following columns are redundant and will not contribute to the model: STDs:vulvo-perineal condylomatosis. Coefficient statistics will not be accurate and contain missing information.
2021-12-20 17:12:15,626 : WARN  : KNIME-Worker-110-Linear Regression Learner 0:5:12 :  : Node : Linear Regression Learner : 0:5:12 : The following columns are redundant and will not contribute to the model: STDs:vulvo-perineal condylomatosis. Coefficient statistics will not be accurate and contain missing information.
2021-12-20 17:12:15,782 : WARN  : KNIME-Worker-101-Linear Regression Learner 0:5:12 :  : Node : Linear Regression Learner : 0:5:12 : The following columns are redundant and will not contribute to the model: STDs:vulvo-perineal condylomatosis. Coefficient statistics will not be accurate and contain missing information.
2021-12-20 17:12:15,989 : WARN  : KNIME-Worker-101-Linear Regression Learner 0:5:12 :  : Node : Linear Regression Learner : 0:5:12 : The following columns are redundant and will not contribute to the model: STDs:vulvo-perineal condylomatosis. Coefficient statistics will not be accurate and contain missing information.
2021-12-20 17:12:16,035 : WARN  : KNIME-Worker-109-Linear Regression Learner 0:5:12 :  : Node : Linear Regression Learner : 0:5:12 : The following columns are redundant and will not contribute to the model: STDs:vulvo-perineal condylomatosis. Coefficient statistics will not be accurate and contain missing information.
2021-12-20 17:12:16,081 : WARN  : KNIME-Worker-104-Linear Regression Learner 0:5:12 :  : Node : Linear Regression Learner : 0:5:12 : The following columns are redundant and will not contribute to the model: STDs:vulvo-perineal condylomatosis. Coefficient statistics will not be accurate and contain missing information.
2021-12-20 17:12:16,586 : WARN  : KNIME-Worker-114-Linear Regression Learner 0:5:12 :  : Node : Linear Regression Learner : 0:5:12 : The following columns are redundant and will not contribute to the model: STDs:vulvo-perineal condylomatosis. Coefficient statistics will not be accurate and contain missing information.
2021-12-20 17:12:16,630 : WARN  : KNIME-Worker-112-Linear Regression Learner 0:5:12 :  : Node : Linear Regression Learner : 0:5:12 : The following columns are redundant and will not contribute to the model: STDs:vulvo-perineal condylomatosis. Coefficient statistics will not be accurate and contain missing information.
2021-12-20 17:12:16,673 : WARN  : KNIME-Worker-114-Linear Regression Learner 0:5:12 :  : Node : Linear Regression Learner : 0:5:12 : The following columns are redundant and will not contribute to the model: STDs:vulvo-perineal condylomatosis. Coefficient statistics will not be accurate and contain missing information.
2021-12-20 17:12:16,759 : WARN  : KNIME-Worker-112-Linear Regression Learner 0:5:12 :  : Node : Linear Regression Learner : 0:5:12 : The following columns are redundant and will not contribute to the model: STDs:vulvo-perineal condylomatosis. Coefficient statistics will not be accurate and contain missing information.
2021-12-20 17:12:16,864 : WARN  : KNIME-Worker-98-Linear Regression Learner 0:5:12 :  : Node : Linear Regression Learner : 0:5:12 : The following columns are redundant and will not contribute to the model: STDs:vulvo-perineal condylomatosis. Coefficient statistics will not be accurate and contain missing information.
2021-12-20 17:12:17,231 : WARN  : KNIME-Worker-117-Linear Regression Learner 0:5:12 :  : Node : Linear Regression Learner : 0:5:12 : The following columns are redundant and will not contribute to the model: STDs:vulvo-perineal condylomatosis. Coefficient statistics will not be accurate and contain missing information.
2021-12-20 17:12:17,315 : WARN  : KNIME-Worker-112-Linear Regression Learner 0:5:12 :  : Node : Linear Regression Learner : 0:5:12 : The following columns are redundant and will not contribute to the model: STDs:vulvo-perineal condylomatosis. Coefficient statistics will not be accurate and contain missing information.
2021-12-20 17:12:17,429 : WARN  : KNIME-Worker-101-Linear Regression Learner 0:5:12 :  : Node : Linear Regression Learner : 0:5:12 : The following columns are redundant and will not contribute to the model: STDs:vulvo-perineal condylomatosis. Coefficient statistics will not be accurate and contain missing information.
2021-12-20 17:12:17,657 : WARN  : KNIME-Worker-114-Linear Regression Learner 0:5:12 :  : Node : Linear Regression Learner : 0:5:12 : The following columns are redundant and will not contribute to the model: STDs:vulvo-perineal condylomatosis. Coefficient statistics will not be accurate and contain missing information.
2021-12-20 17:12:17,695 : WARN  : KNIME-Worker-117-Linear Regression Learner 0:5:12 :  : Node : Linear Regression Learner : 0:5:12 : The following columns are redundant and will not contribute to the model: STDs:vulvo-perineal condylomatosis. Coefficient statistics will not be accurate and contain missing information.
2021-12-20 17:12:17,786 : WARN  : KNIME-Worker-115-Linear Regression Learner 0:5:12 :  : Node : Linear Regression Learner : 0:5:12 : The following columns are redundant and will not contribute to the model: STDs:vulvo-perineal condylomatosis. Coefficient statistics will not be accurate and contain missing information.
2021-12-20 17:12:18,118 : WARN  : KNIME-Worker-104-Linear Regression Learner 0:5:12 :  : Node : Linear Regression Learner : 0:5:12 : The following columns are redundant and will not contribute to the model: STDs:vulvo-perineal condylomatosis. Coefficient statistics will not be accurate and contain missing information.
2021-12-20 17:12:18,178 : WARN  : KNIME-Worker-98-Linear Regression Learner 0:5:12 :  : Node : Linear Regression Learner : 0:5:12 : The following columns are redundant and will not contribute to the model: STDs:vulvo-perineal condylomatosis. Coefficient statistics will not be accurate and contain missing information.
2021-12-20 17:12:18,307 : WARN  : KNIME-Worker-98-Linear Regression Learner 0:5:12 :  : Node : Linear Regression Learner : 0:5:12 : The following columns are redundant and will not contribute to the model: STDs:vulvo-perineal condylomatosis. Coefficient statistics will not be accurate and contain missing information.
2021-12-20 17:12:18,402 : WARN  : KNIME-Worker-115-Linear Regression Learner 0:5:12 :  : Node : Linear Regression Learner : 0:5:12 : The following columns are redundant and will not contribute to the model: STDs:vulvo-perineal condylomatosis. Coefficient statistics will not be accurate and contain missing information.
2021-12-20 17:12:18,662 : WARN  : KNIME-Worker-119-Linear Regression Learner 0:5:12 :  : Node : Linear Regression Learner : 0:5:12 : The following columns are redundant and will not contribute to the model: STDs:vulvo-perineal condylomatosis. Coefficient statistics will not be accurate and contain missing information.
2021-12-20 17:12:18,779 : WARN  : KNIME-Worker-99-Linear Regression Learner 0:5:12 :  : Node : Linear Regression Learner : 0:5:12 : The following columns are redundant and will not contribute to the model: STDs:vulvo-perineal condylomatosis. Coefficient statistics will not be accurate and contain missing information.
2021-12-20 17:12:18,815 : WARN  : KNIME-Worker-107-Linear Regression Learner 0:5:12 :  : Node : Linear Regression Learner : 0:5:12 : The following columns are redundant and will not contribute to the model: STDs:vulvo-perineal condylomatosis. Coefficient statistics will not be accurate and contain missing information.
2021-12-20 17:12:18,910 : WARN  : KNIME-Worker-103-Linear Regression Learner 0:5:12 :  : Node : Linear Regression Learner : 0:5:12 : The following columns are redundant and will not contribute to the model: STDs:vulvo-perineal condylomatosis. Coefficient statistics will not be accurate and contain missing information.
2021-12-20 17:12:19,147 : WARN  : KNIME-Worker-107-Linear Regression Learner 0:5:12 :  : Node : Linear Regression Learner : 0:5:12 : The following columns are redundant and will not contribute to the model: STDs:vulvo-perineal condylomatosis. Coefficient statistics will not be accurate and contain missing information.
2021-12-20 17:12:19,293 : WARN  : KNIME-Worker-109-Linear Regression Learner 0:5:12 :  : Node : Linear Regression Learner : 0:5:12 : The following columns are redundant and will not contribute to the model: STDs:vulvo-perineal condylomatosis. Coefficient statistics will not be accurate and contain missing information.
2021-12-20 17:12:19,341 : WARN  : KNIME-Worker-121-Linear Regression Learner 0:5:12 :  : Node : Linear Regression Learner : 0:5:12 : The following columns are redundant and will not contribute to the model: STDs:vulvo-perineal condylomatosis. Coefficient statistics will not be accurate and contain missing information.
2021-12-20 17:12:19,365 : WARN  : KNIME-Worker-110-Linear Regression Learner 0:5:12 :  : Node : Linear Regression Learner : 0:5:12 : The following columns are redundant and will not contribute to the model: STDs:vulvo-perineal condylomatosis. Coefficient statistics will not be accurate and contain missing information.
2021-12-20 17:12:19,390 : WARN  : KNIME-Worker-112-Linear Regression Learner 0:5:12 :  : Node : Linear Regression Learner : 0:5:12 : The following columns are redundant and will not contribute to the model: STDs:vulvo-perineal condylomatosis. Coefficient statistics will not be accurate and contain missing information.
2021-12-20 17:12:19,497 : WARN  : KNIME-Worker-118-Linear Regression Learner 0:5:12 :  : Node : Linear Regression Learner : 0:5:12 : The following columns are redundant and will not contribute to the model: STDs:vulvo-perineal condylomatosis. Coefficient statistics will not be accurate and contain missing information.
2021-12-20 17:12:19,682 : WARN  : KNIME-Worker-110-Linear Regression Learner 0:5:12 :  : Node : Linear Regression Learner : 0:5:12 : The following columns are redundant and will not contribute to the model: STDs:vulvo-perineal condylomatosis. Coefficient statistics will not be accurate and contain missing information.
2021-12-20 17:12:19,748 : WARN  : KNIME-Worker-105-Linear Regression Learner 0:5:12 :  : Node : Linear Regression Learner : 0:5:12 : The following columns are redundant and will not contribute to the model: STDs:vulvo-perineal condylomatosis. Coefficient statistics will not be accurate and contain missing information.
2021-12-20 17:12:19,874 : WARN  : KNIME-Worker-108-Linear Regression Learner 0:5:12 :  : Node : Linear Regression Learner : 0:5:12 : The following columns are redundant and will not contribute to the model: STDs:vulvo-perineal condylomatosis. Coefficient statistics will not be accurate and contain missing information.
2021-12-20 17:12:20,085 : WARN  : KNIME-Worker-107-Linear Regression Learner 0:5:12 :  : Node : Linear Regression Learner : 0:5:12 : The following columns are redundant and will not contribute to the model: STDs:vulvo-perineal condylomatosis. Coefficient statistics will not be accurate and contain missing information.
2021-12-20 17:12:20,160 : WARN  : KNIME-Worker-107-Linear Regression Learner 0:5:12 :  : Node : Linear Regression Learner : 0:5:12 : The following columns are redundant and will not contribute to the model: STDs:vulvo-perineal condylomatosis. Coefficient statistics will not be accurate and contain missing information.
2021-12-20 17:12:20,217 : WARN  : KNIME-Worker-120-Linear Regression Learner 0:5:12 :  : Node : Linear Regression Learner : 0:5:12 : The following columns are redundant and will not contribute to the model: STDs:vulvo-perineal condylomatosis. Coefficient statistics will not be accurate and contain missing information.
2021-12-20 17:12:20,342 : WARN  : KNIME-Worker-109-Linear Regression Learner 0:5:12 :  : Node : Linear Regression Learner : 0:5:12 : The following columns are redundant and will not contribute to the model: STDs:vulvo-perineal condylomatosis. Coefficient statistics will not be accurate and contain missing information.
2021-12-20 17:12:20,524 : WARN  : KNIME-Worker-107-Linear Regression Learner 0:5:12 :  : Node : Linear Regression Learner : 0:5:12 : The following columns are redundant and will not contribute to the model: STDs:vulvo-perineal condylomatosis. Coefficient statistics will not be accurate and contain missing information.
2021-12-20 17:12:20,569 : WARN  : KNIME-Worker-114-Linear Regression Learner 0:5:12 :  : Node : Linear Regression Learner : 0:5:12 : The following columns are redundant and will not contribute to the model: STDs:vulvo-perineal condylomatosis. Coefficient statistics will not be accurate and contain missing information.
2021-12-20 17:12:20,589 : WARN  : KNIME-Worker-115-Linear Regression Learner 0:5:12 :  : Node : Linear Regression Learner : 0:5:12 : The following columns are redundant and will not contribute to the model: STDs:vulvo-perineal condylomatosis. Coefficient statistics will not be accurate and contain missing information.
2021-12-20 17:12:20,705 : WARN  : KNIME-Worker-103-Linear Regression Learner 0:5:12 :  : Node : Linear Regression Learner : 0:5:12 : The following columns are redundant and will not contribute to the model: STDs:vulvo-perineal condylomatosis. Coefficient statistics will not be accurate and contain missing information.
2021-12-20 17:12:20,729 : WARN  : KNIME-Worker-111-Linear Regression Learner 0:5:12 :  : Node : Linear Regression Learner : 0:5:12 : The following columns are redundant and will not contribute to the model: STDs:vulvo-perineal condylomatosis. Coefficient statistics will not be accurate and contain missing information.
2021-12-20 17:12:20,793 : WARN  : KNIME-Worker-114-Linear Regression Learner 0:5:12 :  : Node : Linear Regression Learner : 0:5:12 : The following columns are redundant and will not contribute to the model: STDs:vulvo-perineal condylomatosis. Coefficient statistics will not be accurate and contain missing information.
2021-12-20 17:12:20,814 : WARN  : KNIME-Worker-114-Linear Regression Learner 0:5:12 :  : Node : Linear Regression Learner : 0:5:12 : The following columns are redundant and will not contribute to the model: STDs:vulvo-perineal condylomatosis. Coefficient statistics will not be accurate and contain missing information.
2021-12-20 17:12:20,833 : WARN  : KNIME-Worker-121-Linear Regression Learner 0:5:12 :  : Node : Linear Regression Learner : 0:5:12 : The following columns are redundant and will not contribute to the model: STDs:vulvo-perineal condylomatosis. Coefficient statistics will not be accurate and contain missing information.
2021-12-20 17:12:20,900 : WARN  : KNIME-Worker-101-Linear Regression Learner 0:5:12 :  : Node : Linear Regression Learner : 0:5:12 : The following columns are redundant and will not contribute to the model: STDs:vulvo-perineal condylomatosis. Coefficient statistics will not be accurate and contain missing information.
2021-12-20 17:12:20,922 : WARN  : KNIME-Worker-116-Linear Regression Learner 0:5:12 :  : Node : Linear Regression Learner : 0:5:12 : The following columns are redundant and will not contribute to the model: STDs:vulvo-perineal condylomatosis. Coefficient statistics will not be accurate and contain missing information.
2021-12-20 17:12:21,057 : WARN  : KNIME-Worker-119-Linear Regression Learner 0:5:12 :  : Node : Linear Regression Learner : 0:5:12 : The following columns are redundant and will not contribute to the model: STDs:vulvo-perineal condylomatosis. Coefficient statistics will not be accurate and contain missing information.
2021-12-20 17:12:21,164 : WARN  : KNIME-Worker-98-Linear Regression Learner 0:5:12 :  : Node : Linear Regression Learner : 0:5:12 : The following columns are redundant and will not contribute to the model: STDs:vulvo-perineal condylomatosis. Coefficient statistics will not be accurate and contain missing information.
2021-12-20 17:12:21,222 : WARN  : KNIME-Worker-121-Linear Regression Learner 0:5:12 :  : Node : Linear Regression Learner : 0:5:12 : The following columns are redundant and will not contribute to the model: STDs:vulvo-perineal condylomatosis. Coefficient statistics will not be accurate and contain missing information.
2021-12-20 17:12:21,244 : WARN  : KNIME-Worker-101-Linear Regression Learner 0:5:12 :  : Node : Linear Regression Learner : 0:5:12 : The following columns are redundant and will not contribute to the model: STDs:vulvo-perineal condylomatosis. Coefficient statistics will not be accurate and contain missing information.
2021-12-20 17:12:21,309 : WARN  : KNIME-Worker-114-Linear Regression Learner 0:5:12 :  : Node : Linear Regression Learner : 0:5:12 : The following columns are redundant and will not contribute to the model: STDs:vulvo-perineal condylomatosis. Coefficient statistics will not be accurate and contain missing information.
2021-12-20 17:12:21,327 : WARN  : KNIME-Worker-97-Linear Regression Learner 0:5:12 :  : Node : Linear Regression Learner : 0:5:12 : The following columns are redundant and will not contribute to the model: STDs:vulvo-perineal condylomatosis. Coefficient statistics will not be accurate and contain missing information.
2021-12-20 17:12:21,371 : WARN  : KNIME-Worker-112-Linear Regression Learner 0:5:12 :  : Node : Linear Regression Learner : 0:5:12 : The following columns are redundant and will not contribute to the model: STDs:vulvo-perineal condylomatosis. Coefficient statistics will not be accurate and contain missing information.
2021-12-20 17:12:21,648 : WARN  : KNIME-Worker-116-Linear Regression Learner 0:5:12 :  : Node : Linear Regression Learner : 0:5:12 : The following columns are redundant and will not contribute to the model: STDs:vulvo-perineal condylomatosis. Coefficient statistics will not be accurate and contain missing information.
2021-12-20 17:12:21,753 : WARN  : KNIME-Worker-114-Linear Regression Learner 0:5:12 :  : Node : Linear Regression Learner : 0:5:12 : The following columns are redundant and will not contribute to the model: STDs:vulvo-perineal condylomatosis. Coefficient statistics will not be accurate and contain missing information.
2021-12-20 17:12:21,804 : WARN  : KNIME-Worker-112-Linear Regression Learner 0:5:12 :  : Node : Linear Regression Learner : 0:5:12 : The following columns are redundant and will not contribute to the model: STDs:vulvo-perineal condylomatosis. Coefficient statistics will not be accurate and contain missing information.
2021-12-20 17:12:21,852 : WARN  : KNIME-Worker-111-Linear Regression Learner 0:5:12 :  : Node : Linear Regression Learner : 0:5:12 : The following columns are redundant and will not contribute to the model: STDs:vulvo-perineal condylomatosis. Coefficient statistics will not be accurate and contain missing information.
2021-12-20 17:12:21,905 : WARN  : KNIME-Worker-112-Linear Regression Learner 0:5:12 :  : Node : Linear Regression Learner : 0:5:12 : The following columns are redundant and will not contribute to the model: STDs:vulvo-perineal condylomatosis. Coefficient statistics will not be accurate and contain missing information.
2021-12-20 17:12:21,958 : WARN  : KNIME-Worker-108-Linear Regression Learner 0:5:12 :  : Node : Linear Regression Learner : 0:5:12 : The following columns are redundant and will not contribute to the model: STDs:vulvo-perineal condylomatosis. Coefficient statistics will not be accurate and contain missing information.
2021-12-20 17:12:22,011 : WARN  : KNIME-Worker-119-Linear Regression Learner 0:5:12 :  : Node : Linear Regression Learner : 0:5:12 : The following columns are redundant and will not contribute to the model: STDs:vulvo-perineal condylomatosis. Coefficient statistics will not be accurate and contain missing information.
2021-12-20 17:12:22,077 : WARN  : KNIME-Worker-106-Linear Regression Learner 0:5:12 :  : Node : Linear Regression Learner : 0:5:12 : The following columns are redundant and will not contribute to the model: STDs:vulvo-perineal condylomatosis. Coefficient statistics will not be accurate and contain missing information.
2021-12-20 17:12:22,144 : WARN  : KNIME-Worker-104-Linear Regression Learner 0:5:12 :  : Node : Linear Regression Learner : 0:5:12 : The following columns are redundant and will not contribute to the model: STDs:vulvo-perineal condylomatosis. Coefficient statistics will not be accurate and contain missing information.
2021-12-20 17:12:22,303 : WARN  : KNIME-Worker-115-Linear Regression Learner 0:5:12 :  : Node : Linear Regression Learner : 0:5:12 : The following columns are redundant and will not contribute to the model: STDs:vulvo-perineal condylomatosis. Coefficient statistics will not be accurate and contain missing information.
2021-12-20 17:12:22,356 : WARN  : KNIME-Worker-121-Linear Regression Learner 0:5:12 :  : Node : Linear Regression Learner : 0:5:12 : The following columns are redundant and will not contribute to the model: STDs:vulvo-perineal condylomatosis. Coefficient statistics will not be accurate and contain missing information.
2021-12-20 17:12:22,415 : WARN  : KNIME-Worker-97-Linear Regression Learner 0:5:12 :  : Node : Linear Regression Learner : 0:5:12 : The following columns are redundant and will not contribute to the model: STDs:vulvo-perineal condylomatosis. Coefficient statistics will not be accurate and contain missing information.
2021-12-20 17:12:22,431 : WARN  : KNIME-Worker-117-Linear Regression Learner 0:5:12 :  : Node : Linear Regression Learner : 0:5:12 : The following columns are redundant and will not contribute to the model: STDs:vulvo-perineal condylomatosis. Coefficient statistics will not be accurate and contain missing information.
2021-12-20 17:12:22,462 : WARN  : KNIME-Worker-112-Linear Regression Learner 0:5:12 :  : Node : Linear Regression Learner : 0:5:12 : The following columns are redundant and will not contribute to the model: STDs:vulvo-perineal condylomatosis. Coefficient statistics will not be accurate and contain missing information.
2021-12-20 17:12:22,532 : WARN  : KNIME-Worker-103-Linear Regression Learner 0:5:12 :  : Node : Linear Regression Learner : 0:5:12 : The following columns are redundant and will not contribute to the model: STDs:vulvo-perineal condylomatosis. Coefficient statistics will not be accurate and contain missing information.
2021-12-20 17:12:22,548 : WARN  : KNIME-Worker-113-Linear Regression Learner 0:5:12 :  : Node : Linear Regression Learner : 0:5:12 : The following columns are redundant and will not contribute to the model: STDs:vulvo-perineal condylomatosis. Coefficient statistics will not be accurate and contain missing information.
2021-12-20 17:12:22,592 : WARN  : KNIME-Worker-113-Linear Regression Learner 0:5:12 :  : Node : Linear Regression Learner : 0:5:12 : The following columns are redundant and will not contribute to the model: STDs:vulvo-perineal condylomatosis. Coefficient statistics will not be accurate and contain missing information.
2021-12-20 17:12:22,649 : WARN  : KNIME-Worker-100-Linear Regression Learner 0:5:12 :  : Node : Linear Regression Learner : 0:5:12 : The following columns are redundant and will not contribute to the model: STDs:vulvo-perineal condylomatosis. Coefficient statistics will not be accurate and contain missing information.
2021-12-20 17:12:22,668 : WARN  : KNIME-Worker-114-Linear Regression Learner 0:5:12 :  : Node : Linear Regression Learner : 0:5:12 : The following columns are redundant and will not contribute to the model: STDs:vulvo-perineal condylomatosis. Coefficient statistics will not be accurate and contain missing information.
2021-12-20 17:12:22,683 : WARN  : KNIME-Worker-103-Linear Regression Learner 0:5:12 :  : Node : Linear Regression Learner : 0:5:12 : The following columns are redundant and will not contribute to the model: STDs:vulvo-perineal condylomatosis. Coefficient statistics will not be accurate and contain missing information.
2021-12-20 17:12:22,873 : WARN  : KNIME-Worker-117-Linear Regression Learner 0:5:12 :  : Node : Linear Regression Learner : 0:5:12 : The following columns are redundant and will not contribute to the model: STDs:vulvo-perineal condylomatosis. Coefficient statistics will not be accurate and contain missing information.
2021-12-20 17:12:22,902 : WARN  : KNIME-Worker-102-Linear Regression Learner 0:5:12 :  : Node : Linear Regression Learner : 0:5:12 : The following columns are redundant and will not contribute to the model: STDs:vulvo-perineal condylomatosis. Coefficient statistics will not be accurate and contain missing information.
2021-12-20 17:12:22,959 : WARN  : KNIME-Worker-114-Linear Regression Learner 0:5:12 :  : Node : Linear Regression Learner : 0:5:12 : The following columns are redundant and will not contribute to the model: STDs:vulvo-perineal condylomatosis. Coefficient statistics will not be accurate and contain missing information.
2021-12-20 17:12:23,015 : WARN  : KNIME-Worker-120-Linear Regression Learner 0:5:12 :  : Node : Linear Regression Learner : 0:5:12 : The following columns are redundant and will not contribute to the model: STDs:vulvo-perineal condylomatosis. Coefficient statistics will not be accurate and contain missing information.
2021-12-20 17:12:23,057 : WARN  : KNIME-Worker-110-Linear Regression Learner 0:5:12 :  : Node : Linear Regression Learner : 0:5:12 : The following columns are redundant and will not contribute to the model: STDs:vulvo-perineal condylomatosis. Coefficient statistics will not be accurate and contain missing information.
2021-12-20 17:12:23,073 : WARN  : KNIME-Worker-111-Linear Regression Learner 0:5:12 :  : Node : Linear Regression Learner : 0:5:12 : The following columns are redundant and will not contribute to the model: STDs:vulvo-perineal condylomatosis. Coefficient statistics will not be accurate and contain missing information.
2021-12-20 17:12:23,152 : WARN  : KNIME-Worker-110-Linear Regression Learner 0:5:12 :  : Node : Linear Regression Learner : 0:5:12 : The following columns are redundant and will not contribute to the model: STDs:vulvo-perineal condylomatosis. Coefficient statistics will not be accurate and contain missing information.
2021-12-20 17:12:23,185 : WARN  : KNIME-Worker-98-Linear Regression Learner 0:5:12 :  : Node : Linear Regression Learner : 0:5:12 : The following columns are redundant and will not contribute to the model: STDs:vulvo-perineal condylomatosis. Coefficient statistics will not be accurate and contain missing information.
2021-12-20 17:12:23,201 : WARN  : KNIME-Worker-109-Linear Regression Learner 0:5:12 :  : Node : Linear Regression Learner : 0:5:12 : The following columns are redundant and will not contribute to the model: STDs:vulvo-perineal condylomatosis. Coefficient statistics will not be accurate and contain missing information.
2021-12-20 17:12:23,232 : WARN  : KNIME-Worker-101-Linear Regression Learner 0:5:12 :  : Node : Linear Regression Learner : 0:5:12 : The following columns are redundant and will not contribute to the model: STDs:vulvo-perineal condylomatosis. Coefficient statistics will not be accurate and contain missing information.
2021-12-20 17:12:23,347 : WARN  : KNIME-Worker-105-Linear Regression Learner 0:5:12 :  : Node : Linear Regression Learner : 0:5:12 : The following columns are redundant and will not contribute to the model: STDs:vulvo-perineal condylomatosis. Coefficient statistics will not be accurate and contain missing information.
2021-12-20 17:12:23,398 : WARN  : KNIME-Worker-103-Linear Regression Learner 0:5:12 :  : Node : Linear Regression Learner : 0:5:12 : The following columns are redundant and will not contribute to the model: STDs:vulvo-perineal condylomatosis. Coefficient statistics will not be accurate and contain missing information.
2021-12-20 17:12:23,506 : WARN  : KNIME-Worker-117-Linear Regression Learner 0:5:12 :  : Node : Linear Regression Learner : 0:5:12 : The following columns are redundant and will not contribute to the model: STDs:vulvo-perineal condylomatosis. Coefficient statistics will not be accurate and contain missing information.
2021-12-20 17:12:23,522 : WARN  : KNIME-Worker-121-Linear Regression Learner 0:5:12 :  : Node : Linear Regression Learner : 0:5:12 : The following columns are redundant and will not contribute to the model: STDs:vulvo-perineal condylomatosis. Coefficient statistics will not be accurate and contain missing information.
2021-12-20 17:12:23,550 : WARN  : KNIME-Worker-98-Linear Regression Learner 0:5:12 :  : Node : Linear Regression Learner : 0:5:12 : The following columns are redundant and will not contribute to the model: STDs:vulvo-perineal condylomatosis. Coefficient statistics will not be accurate and contain missing information.
2021-12-20 17:12:23,581 : WARN  : KNIME-Worker-111-Linear Regression Learner 0:5:12 :  : Node : Linear Regression Learner : 0:5:12 : The following columns are redundant and will not contribute to the model: STDs:vulvo-perineal condylomatosis. Coefficient statistics will not be accurate and contain missing information.
2021-12-20 17:12:23,596 : WARN  : KNIME-Worker-118-Linear Regression Learner 0:5:12 :  : Node : Linear Regression Learner : 0:5:12 : The following columns are redundant and will not contribute to the model: STDs:vulvo-perineal condylomatosis. Coefficient statistics will not be accurate and contain missing information.
2021-12-20 17:14:00,713 : WARN  : main :  : Node : Decision Tree Learner : 0:5:14 : Table contains no nominal attribute for classification.
2021-12-20 17:15:49,365 : WARN  : main :  : Node : Category To Number : 0:15 : No columns selected.
2021-12-20 17:19:16,678 : WARN  : main :  : Node : Decision Tree Learner : 0:5:14 : Guessing target column: "prediction(cancer)".
2021-12-20 17:19:53,641 : WARN  : main :  : Node : Scorer (deprecated) : 0:5:7 : Column 'Prediction (Dx:Cancer)' not found.
2021-12-24 16:35:35,862 : ERROR : main :  : MAEFileUtils :  :  : Schrodinger Knime plugins: Neither SCHRODINGER environment nor preference is set. You can set SCHRODINGER installation location in the Schrodinger Preferences.
2021-12-24 16:35:35,867 : WARN  : main :  : SchrodFileUtils :  :  : SCHRODINGER is not set properly.
2021-12-24 16:35:35,869 : WARN  : Thread-7 :  : PythonService :  :  : PythonService is not initilized
2021-12-24 16:35:35,875 : WARN  : Thread-7 :  : PythonService :  :  : Failed to start python service.
2021-12-24 16:36:40,660 : WARN  : ForkJoinPool.commonPool-worker-3 :  : MoePreferencePage :  :  : Path to MOE not set in Preferences. Please check!
2021-12-24 16:39:11,801 : WARN  : main :  : Node : XGBoost Tree Ensemble Learner : 0:17 : The specified target is not contained in the input table. Please select a valid target in the dialog.
2021-12-24 16:41:29,885 : WARN  : main :  : Node : Partitioning : 0:18 : No sampling method selected
2021-12-24 16:43:14,598 : WARN  : main :  : Node : Scorer : 0:20 : No columns selected yet.
2021-12-24 17:09:04,407 : WARN  : KNIME-Worker-11-Missing Value 0:21 :  : Node : Missing Value : 0:21 : The current settings use missing value handling methods that cannot be represented in PMML 4.2
2021-12-24 17:09:19,969 : WARN  : KNIME-Worker-12-Statistics 0:22 :  : Node : Statistics : 0:22 : Maximum number of unique possible values (1000) exceeds for column(s): "dt"
2021-12-24 17:09:34,713 : WARN  : KNIME-Worker-15-Statistics 0:22 :  : Node : Statistics : 0:22 : Maximum number of unique possible values (1000) exceeds for column(s): "dt","LandMinTemperature","LandMaxTemperature","LandAverageTemperature","LandAndOceanAverageTemperature"
2021-12-24 17:12:09,242 : WARN  : main :  : Node : Table Reader : 0:23 : Please specify a file
2021-12-24 17:14:22,292 : WARN  : main :  : Node : Lag Column : 0:22 : No configuration available
2021-12-24 17:21:48,907 : WARN  : main :  : Node : Sorter : 0:23 : No selected columns to sort
2021-12-24 17:24:10,812 : WARN  : main :  : Node : Column Rename : 0:24 : No configuration available
2021-12-24 17:27:00,703 : WARN  : KNIME-Worker-27-Linear Correlation 0:15 :  : Node : Linear Correlation : 0:15 : Some numeric column(s) contained missing values: "LandAverageTemperature(next month)"
2021-12-24 17:27:00,707 : WARN  : KNIME-Worker-27-Linear Correlation 0:15 :  : Node : XGBoost Tree Ensemble Learner : 0:17 : The specified target is not contained in the input table. Please select a valid target in the dialog.
2021-12-24 17:28:07,700 : WARN  : main :  : Node : XGBoost Tree Ensemble Learner (Regression) : 0:25 : No possible values available for column 'dt (String)'.
2021-12-24 17:28:18,674 : WARN  : main :  : Node : XGBoost Linear Ensemble Learner (Regression) : 0:26 : No possible values available for column 'dt (String)'.
2021-12-24 17:29:48,493 : WARN  : main :  : Node : XGBoost Tree Ensemble Learner (Regression) : 0:25 : No possible values available for column 'dt (String)'.
2021-12-24 17:29:48,494 : WARN  : main :  : Node : XGBoost Linear Ensemble Learner (Regression) : 0:26 : No possible values available for column 'dt (String)'.
2021-12-24 17:29:55,304 : WARN  : KNIME-Worker-30-Partitioning 0:18 :  : Node : XGBoost Tree Ensemble Learner (Regression) : 0:25 : No possible values available for column 'dt (String)'.
2021-12-24 17:29:55,304 : WARN  : KNIME-Worker-30-Partitioning 0:18 :  : Node : XGBoost Linear Ensemble Learner (Regression) : 0:26 : No possible values available for column 'dt (String)'.
2021-12-24 17:30:18,923 : WARN  : main :  : Node : XGBoost Tree Ensemble Learner (Regression) : 0:25 : No possible values available for column 'dt (String)'.
2021-12-24 17:30:44,206 : ERROR : KNIME-Worker-31-XGBoost Tree Ensemble Learner (Regression) 0:25 :  : Node : XGBoost Tree Ensemble Learner (Regression) : 0:25 : Execute failed: org.knime.core.data.convert.map.MappingException: java.lang.IllegalArgumentException: Missing value encountered
java.lang.IllegalStateException: org.knime.core.data.convert.map.MappingException: java.lang.IllegalArgumentException: Missing value encountered
	at org.knime.xgboost.core.data.LPIterator.next(LPIterator.java:109)
	at org.knime.xgboost.core.data.LPDataConverter.createDMatrix(LPDataConverter.java:91)
	at org.knime.xgboost.base.nodes.learner.XGBLearnerNodeModel.execute(XGBLearnerNodeModel.java:142)
	at org.knime.core.node.NodeModel.executeModel(NodeModel.java:549)
	at org.knime.core.node.Node.invokeFullyNodeModelExecute(Node.java:1259)
	at org.knime.core.node.Node.execute(Node.java:1039)
	at org.knime.core.node.workflow.NativeNodeContainer.performExecuteNode(NativeNodeContainer.java:559)
	at org.knime.core.node.exec.LocalNodeExecutionJob.mainExecute(LocalNodeExecutionJob.java:95)
	at org.knime.core.node.workflow.NodeExecutionJob.internalRun(NodeExecutionJob.java:201)
	at org.knime.core.node.workflow.NodeExecutionJob.run(NodeExecutionJob.java:117)
	at org.knime.core.util.ThreadUtils$RunnableWithContextImpl.runWithContext(ThreadUtils.java:365)
	at org.knime.core.util.ThreadUtils$RunnableWithContext.run(ThreadUtils.java:219)
	at java.base/java.util.concurrent.Executors$RunnableAdapter.call(Unknown Source)
	at java.base/java.util.concurrent.FutureTask.run(Unknown Source)
	at org.knime.core.util.ThreadPool$MyFuture.run(ThreadPool.java:123)
	at org.knime.core.util.ThreadPool$Worker.run(ThreadPool.java:246)
Caused by: org.knime.core.data.convert.map.MappingException: java.lang.IllegalArgumentException: Missing value encountered
	at org.knime.xgboost.core.data.AbstractLPPrimitiveCellValueConsumer.consumeMissingCellValue(AbstractLPPrimitiveCellValueConsumer.java:77)
	at org.knime.xgboost.core.data.AbstractLPPrimitiveCellValueConsumer.consumeMissingCellValue(AbstractLPPrimitiveCellValueConsumer.java:1)
	at org.knime.core.data.convert.map.DoubleCellValueConsumer.consumeCellValue(DoubleCellValueConsumer.java:82)
	at org.knime.core.data.convert.map.DoubleCellValueConsumer.consumeCellValue(DoubleCellValueConsumer.java:1)
	at org.knime.core.data.convert.map.DefaultDataRowConsumer$ObjectMapper.map(DefaultDataRowConsumer.java:417)
	at org.knime.core.data.convert.map.DefaultDataRowConsumer.consumeDataRow(DefaultDataRowConsumer.java:247)
	at org.knime.xgboost.core.data.LPIterator.next(LPIterator.java:104)
	... 15 more
Caused by: java.lang.IllegalArgumentException: Missing value encountered
	... 22 more
2021-12-24 17:30:58,485 : ERROR : KNIME-Worker-32-XGBoost Tree Ensemble Learner (Regression) 0:25 :  : Node : XGBoost Tree Ensemble Learner (Regression) : 0:25 : Execute failed: org.knime.core.data.convert.map.MappingException: java.lang.IllegalArgumentException: Missing value encountered
java.lang.IllegalStateException: org.knime.core.data.convert.map.MappingException: java.lang.IllegalArgumentException: Missing value encountered
	at org.knime.xgboost.core.data.LPIterator.next(LPIterator.java:109)
	at org.knime.xgboost.core.data.LPDataConverter.createDMatrix(LPDataConverter.java:91)
	at org.knime.xgboost.base.nodes.learner.XGBLearnerNodeModel.execute(XGBLearnerNodeModel.java:142)
	at org.knime.core.node.NodeModel.executeModel(NodeModel.java:549)
	at org.knime.core.node.Node.invokeFullyNodeModelExecute(Node.java:1259)
	at org.knime.core.node.Node.execute(Node.java:1039)
	at org.knime.core.node.workflow.NativeNodeContainer.performExecuteNode(NativeNodeContainer.java:559)
	at org.knime.core.node.exec.LocalNodeExecutionJob.mainExecute(LocalNodeExecutionJob.java:95)
	at org.knime.core.node.workflow.NodeExecutionJob.internalRun(NodeExecutionJob.java:201)
	at org.knime.core.node.workflow.NodeExecutionJob.run(NodeExecutionJob.java:117)
	at org.knime.core.util.ThreadUtils$RunnableWithContextImpl.runWithContext(ThreadUtils.java:365)
	at org.knime.core.util.ThreadUtils$RunnableWithContext.run(ThreadUtils.java:219)
	at java.base/java.util.concurrent.Executors$RunnableAdapter.call(Unknown Source)
	at java.base/java.util.concurrent.FutureTask.run(Unknown Source)
	at org.knime.core.util.ThreadPool$MyFuture.run(ThreadPool.java:123)
	at org.knime.core.util.ThreadPool$Worker.run(ThreadPool.java:246)
Caused by: org.knime.core.data.convert.map.MappingException: java.lang.IllegalArgumentException: Missing value encountered
	at org.knime.xgboost.core.data.AbstractLPPrimitiveCellValueConsumer.consumeMissingCellValue(AbstractLPPrimitiveCellValueConsumer.java:77)
	at org.knime.xgboost.core.data.AbstractLPPrimitiveCellValueConsumer.consumeMissingCellValue(AbstractLPPrimitiveCellValueConsumer.java:1)
	at org.knime.core.data.convert.map.DoubleCellValueConsumer.consumeCellValue(DoubleCellValueConsumer.java:82)
	at org.knime.core.data.convert.map.DoubleCellValueConsumer.consumeCellValue(DoubleCellValueConsumer.java:1)
	at org.knime.core.data.convert.map.DefaultDataRowConsumer$ObjectMapper.map(DefaultDataRowConsumer.java:417)
	at org.knime.core.data.convert.map.DefaultDataRowConsumer.consumeDataRow(DefaultDataRowConsumer.java:247)
	at org.knime.xgboost.core.data.LPIterator.next(LPIterator.java:104)
	... 15 more
Caused by: java.lang.IllegalArgumentException: Missing value encountered
	... 22 more
2021-12-24 17:31:32,187 : WARN  : KNIME-Worker-35-Linear Correlation 0:15 :  : Node : XGBoost Linear Ensemble Learner (Regression) : 0:26 : No possible values available for column 'dt (String)'.
2021-12-24 17:31:32,232 : WARN  : KNIME-Worker-37-Partitioning 0:18 :  : Node : XGBoost Linear Ensemble Learner (Regression) : 0:26 : No possible values available for column 'dt (String)'.
2021-12-24 17:33:07,805 : WARN  : main :  : Node : Scorer : 0:20 : Column 'prediction(cancer)' not found.
2021-12-24 17:33:12,141 : WARN  : KNIME-Worker-39-XGBoost Predictor (Regression) 0:27 :  : Node : Scorer : 0:20 : Column 'prediction(cancer)' not found.
2021-12-24 17:34:14,702 : WARN  : main :  : Node : Numeric Scorer : 0:28 : No columns selected for reference
2021-12-26 18:17:12,025 : ERROR : main :  : MAEFileUtils :  :  : Schrodinger Knime plugins: Neither SCHRODINGER environment nor preference is set. You can set SCHRODINGER installation location in the Schrodinger Preferences.
2021-12-26 18:17:12,028 : WARN  : main :  : SchrodFileUtils :  :  : SCHRODINGER is not set properly.
2021-12-26 18:17:12,028 : WARN  : Thread-6 :  : PythonService :  :  : PythonService is not initilized
2021-12-26 18:17:12,032 : WARN  : Thread-6 :  : PythonService :  :  : Failed to start python service.
2021-12-26 18:17:55,484 : WARN  : ForkJoinPool.commonPool-worker-5 :  : MoePreferencePage :  :  : Path to MOE not set in Preferences. Please check!
2021-12-26 18:43:37,824 : WARN  : main :  : Node : Math Formula : 0:34 : No configuration available
2021-12-26 18:47:39,479 : WARN  : main :  : Node : Normalizer : 0:35 : Auto-configure: [0, 1] normalization on all numeric columns: "LandAverageTemperature(next month)", "Prediction (LandAverageTemperature(next month))", "residual"
2021-12-26 18:55:57,380 : WARN  : main :  : Node : Numeric Scorer : 0:39 : No columns selected for reference
2021-12-26 19:01:56,907 : WARN  : main :  : Node : LinearRegression (3.7) : 0:41 : No target column specified. Target column was set to LandAverageTemperature(next month)
2021-12-26 19:09:01,430 : WARN  : main :  : Node : LinearRegression (3.6) : 0:41 : No target column specified. Target column was set to LandAverageTemperature(next month)
2021-12-27 17:01:57,003 : ERROR : main :  : MAEFileUtils :  :  : Schrodinger Knime plugins: Neither SCHRODINGER environment nor preference is set. You can set SCHRODINGER installation location in the Schrodinger Preferences.
2021-12-27 17:01:57,007 : WARN  : main :  : SchrodFileUtils :  :  : SCHRODINGER is not set properly.
2021-12-27 17:01:57,008 : WARN  : Thread-6 :  : PythonService :  :  : PythonService is not initilized
2021-12-27 17:01:57,018 : WARN  : Thread-6 :  : PythonService :  :  : Failed to start python service.
2021-12-27 17:02:56,080 : WARN  : ForkJoinPool.commonPool-worker-7 :  : MoePreferencePage :  :  : Path to MOE not set in Preferences. Please check!
2021-12-27 17:09:49,277 : WARN  : main :  : Node : Numeric Scorer : 0:44 : No columns selected for reference
2021-12-27 17:42:22,498 : ERROR : KNIME Sync Exec Dispatcher-1 :  : SyncExecQueueDispatcher :  :  : Uncaught exception while queuing events into main thread
org.eclipse.swt.SWTException: Invalid thread access
	at org.eclipse.swt.SWT.error(SWT.java:4889)
	at org.eclipse.swt.SWT.error(SWT.java:4804)
	at org.eclipse.swt.SWT.error(SWT.java:4775)
	at org.eclipse.swt.widgets.Display.error(Display.java:1100)
	at org.eclipse.swt.widgets.Display.createDisplay(Display.java:851)
	at org.eclipse.swt.widgets.Display.create(Display.java:835)
	at org.eclipse.swt.graphics.Device.<init>(Device.java:130)
	at org.eclipse.swt.widgets.Display.<init>(Display.java:734)
	at org.eclipse.swt.widgets.Display.<init>(Display.java:725)
	at org.eclipse.swt.widgets.Display.getDefault(Display.java:1434)
	at org.knime.workbench.ui.SyncExecQueueDispatcher$2.run(SyncExecQueueDispatcher.java:120)
	at java.base/java.util.concurrent.ThreadPoolExecutor.runWorker(Unknown Source)
	at java.base/java.util.concurrent.ThreadPoolExecutor$Worker.run(Unknown Source)
	at java.base/java.lang.Thread.run(Unknown Source)
2021-12-29 11:43:29,266 : ERROR : main :  : MAEFileUtils :  :  : Schrodinger Knime plugins: Neither SCHRODINGER environment nor preference is set. You can set SCHRODINGER installation location in the Schrodinger Preferences.
2021-12-29 11:43:29,269 : WARN  : main :  : SchrodFileUtils :  :  : SCHRODINGER is not set properly.
2021-12-29 11:43:29,269 : WARN  : Thread-6 :  : PythonService :  :  : PythonService is not initilized
2021-12-29 11:43:29,272 : WARN  : Thread-6 :  : PythonService :  :  : Failed to start python service.
2021-12-29 11:44:09,630 : WARN  : ForkJoinPool.commonPool-worker-3 :  : MoePreferencePage :  :  : Path to MOE not set in Preferences. Please check!
2021-12-29 11:47:05,976 : WARN  : main :  : Node : Math Formula : 0:46 : No configuration available
2021-12-29 11:48:10,204 : WARN  : KNIME-Worker-3-Column Filter 0:45 :  : Node : Math Formula : 0:46 : No configuration available
2021-12-29 11:48:55,773 : WARN  : main :  : Node : Scatter Plot (local) : 0:36 : Some columns are ignored: bounds missing.
2021-12-29 11:49:01,204 : WARN  : KNIME-Worker-4-Math Formula 0:34 :  : Node : Interactive Histogram (local) : 0:37 : Column Residual contains no valid domain an will be ignored. In order to calculate the domain use the Nominal Values or Domain Calculator node.
2021-12-29 11:49:01,204 : WARN  : KNIME-Worker-4-Math Formula 0:34 :  : Node : Scatter Plot (local) : 0:36 : Some columns are ignored: bounds missing.
2021-12-29 11:49:53,828 : WARN  : main :  : Node : Normalizer : 0:47 : Auto-configure: [0, 1] normalization on all numeric columns: "LandAverageTemperature(next month)", "Prediction (LandAverageTemperature(next month))", "Residuals"
2021-12-29 12:03:56,390 : WARN  : main :  : Node : Numeric Scorer : 0:50 : No columns selected for reference
2021-12-29 12:07:50,845 : WARN  : main :  : Node : Math Formula : 0:54 : No configuration available
2021-12-29 12:08:15,594 : WARN  : main :  : Node : Normalizer : 0:55 : Auto-configure: [0, 1] normalization on all numeric columns: "LandAverageTemperature(next month)", "Prediction", "new column"
2021-12-29 12:10:52,684 : WARN  : main :  : Node : Numeric Scorer : 0:50 : No such column in input table: Prediction
2021-12-29 12:10:52,685 : WARN  : main :  : Node : Math Formula : 0:54 : No such column: Prediction
2021-12-29 12:10:57,509 : WARN  : KNIME-Worker-13-Regression Predictor 0:49 :  : Node : Numeric Scorer : 0:50 : No such column in input table: Prediction
2021-12-29 12:10:57,511 : WARN  : KNIME-Worker-13-Regression Predictor 0:49 :  : Node : Math Formula : 0:54 : No such column: Prediction
2021-12-29 12:10:57,517 : WARN  : KNIME-Worker-12-Column Filter 0:53 :  : Node : Math Formula : 0:54 : No such column: Prediction
2021-12-29 12:18:10,622 : WARN  : main :  : Node : Simple Regression Tree Learner : 0:57 : No configuration available
2021-12-29 12:20:21,439 : WARN  : main :  : Node : Numeric Scorer : 0:59 : No columns selected for reference
2021-12-29 12:29:53,711 : WARN  : main :  : Node : Random Forest Learner (Regression) : 0:61 : No configuration available
2021-12-29 12:31:00,895 : WARN  : main :  : Node : Numeric Scorer : 0:63 : No columns selected for reference
2021-12-29 12:32:48,502 : WARN  : main :  : Node : Tree Ensemble Learner (Regression) : 0:64 : No configuration available
2021-12-29 12:33:13,493 : WARN  : main :  : Node : Numeric Scorer : 0:66 : No columns selected for reference
2021-12-29 12:33:20,763 : WARN  : main :  : Node : Numeric Scorer : 0:66 : No columns selected for reference
2021-12-29 12:33:31,935 : WARN  : KNIME-Worker-40-Tree Ensemble Predictor (Regression) 0:65 :  : Node : Numeric Scorer : 0:66 : No columns selected for reference
2021-12-29 14:53:10,974 : ERROR : main :  : MAEFileUtils :  :  : Schrodinger Knime plugins: Neither SCHRODINGER environment nor preference is set. You can set SCHRODINGER installation location in the Schrodinger Preferences.
2021-12-29 14:53:10,978 : WARN  : main :  : SchrodFileUtils :  :  : SCHRODINGER is not set properly.
2021-12-29 14:53:10,979 : WARN  : Thread-6 :  : PythonService :  :  : PythonService is not initilized
2021-12-29 14:53:10,982 : WARN  : Thread-6 :  : PythonService :  :  : Failed to start python service.
2021-12-29 14:53:39,376 : WARN  : ForkJoinPool.commonPool-worker-7 :  : MoePreferencePage :  :  : Path to MOE not set in Preferences. Please check!
2021-12-29 14:53:43,096 : ERROR : ModalContext :  : LoadWorkflowRunnable :  :  : Errors during load: Status: DataLoadError: Knime_Machine_Learning 1 0 loaded with error during data load
2021-12-29 14:53:43,097 : ERROR : ModalContext :  : LoadWorkflowRunnable :  :  :   Status: DataLoadError: Knime_Machine_Learning 1 0
2021-12-29 14:53:43,104 : ERROR : ModalContext :  : LoadWorkflowRunnable :  :  :     Status: DataLoadError: Interactive Histogram (local) 0:37
2021-12-29 14:53:43,104 : ERROR : ModalContext :  : LoadWorkflowRunnable :  :  :       Status: DataLoadError: Loading model internals failed: Binning column not found
2021-12-29 15:26:53,315 : WARN  : ModalContext :  : Node : XLS Reader (deprecated) : 3:6 : The file '/Volumes/INTENSO/KNIME 4.4.2.app/Contents/MacOS/D:\Personal\LECTURES\MOOC\Datasets\classification\churn\Churn_yn.xls' can't be accessed anymore!
2021-12-29 15:26:53,324 : WARN  : ModalContext :  : Node : XLS Reader (deprecated) : 3:6 : Specified file doesn't exist (/Volumes/INTENSO/KNIME 4.4.2.app/Contents/MacOS/D:\Personal\LECTURES\MOOC\Datasets\classification\churn\Churn_yn.xls)
2021-12-29 15:26:54,188 : WARN  : ModalContext :  : BoxPlotNodeModel : Box Plot (local) : 3:138 : java.io.FileNotFoundException: /private/var/folders/ls/l___lsd10md8zv03pmzdd34w0000gn/T/knime_temp_space_macbookair_18500/Classification-4.knwf18503/Users/macbookair/Downloads/Classification-4.knwf/Box Plot (#138)/internal/boxPlotInternals (No such file or directory)
2021-12-29 15:26:54,190 : WARN  : ModalContext :  : BoxPlotNodeModel : Box Plot (local) : 3:139 : java.io.FileNotFoundException: /private/var/folders/ls/l___lsd10md8zv03pmzdd34w0000gn/T/knime_temp_space_macbookair_18500/Classification-4.knwf18503/Users/macbookair/Downloads/Classification-4.knwf/Box Plot (#139)/internal/boxPlotInternals (No such file or directory)
2021-12-29 15:26:54,190 : WARN  : ModalContext :  : BoxPlotNodeModel : Box Plot (local) : 3:145 : java.io.FileNotFoundException: /private/var/folders/ls/l___lsd10md8zv03pmzdd34w0000gn/T/knime_temp_space_macbookair_18500/Classification-4.knwf18503/Users/macbookair/Downloads/Classification-4.knwf/Box Plot (#145)/internal/boxPlotInternals (No such file or directory)
2021-12-29 15:26:54,191 : WARN  : ModalContext :  : BoxPlotNodeModel : Box Plot (local) : 3:144 : java.io.FileNotFoundException: /private/var/folders/ls/l___lsd10md8zv03pmzdd34w0000gn/T/knime_temp_space_macbookair_18500/Classification-4.knwf18503/Users/macbookair/Downloads/Classification-4.knwf/Box Plot (#144)/internal/boxPlotInternals (No such file or directory)
2021-12-29 15:26:54,191 : WARN  : ModalContext :  : BoxPlotNodeModel : Box Plot (local) : 3:140 : java.io.FileNotFoundException: /private/var/folders/ls/l___lsd10md8zv03pmzdd34w0000gn/T/knime_temp_space_macbookair_18500/Classification-4.knwf18503/Users/macbookair/Downloads/Classification-4.knwf/Box Plot (#140)/internal/boxPlotInternals (No such file or directory)
2021-12-29 15:32:03,887 : WARN  : main :  : Node : Decision Tree Learner : 0:0:16 : Class column "class" not found or incompatible
2021-12-29 15:32:54,771 : WARN  : main :  : Node : XGBoost Linear Ensemble Learner (Regression) : 0:0:17 : No possible values available for column 'dt (String)'.
2021-12-29 15:33:11,451 : WARN  : main :  : Node : XGBoost Linear Ensemble Learner (Regression) : 0:0:17 : No possible values available for column 'dt (String)'.
2021-12-29 15:34:10,731 : WARN  : KNIME-Worker-9-X-Partitioner 0:0:2 :  : Node : XGBoost Linear Ensemble Learner (Regression) : 0:0:17 : No possible values available for column 'dt (String)'.
2021-12-29 15:34:19,721 : WARN  : main :  : Node : X-Aggregator : 0:0:1 : No such column: class
2021-12-29 15:34:23,385 : WARN  : KNIME-Worker-11-XGBoost Predictor (Regression) 0:0:18 :  : Node : X-Aggregator : 0:0:1 : No such column: class
2021-12-29 15:38:12,910 : WARN  : main :  : Node : Numeric Scorer : 0:0:19 : No columns selected for reference
2021-12-29 15:40:05,681 : WARN  : main :  : Node : Numeric Scorer : 0:0:19 : No columns selected for reference
2021-12-29 15:40:05,683 : WARN  : main :  : Node : Numeric Scorer : 0:0:19 : No columns selected for reference
2021-12-29 15:40:21,010 : WARN  : KNIME-Worker-14-XGBoost Predictor (Regression) 0:0:18 :  : Node : Numeric Scorer : 0:0:19 : No columns selected for reference
2021-12-29 15:40:21,038 : WARN  : KNIME-Worker-13-X-Partitioner 0:0:2 :  : Node : Numeric Scorer : 0:0:19 : No columns selected for reference
2021-12-29 15:40:21,539 : WARN  : KNIME-Worker-12-X-Aggregator 0:0:1 :  : Node : Numeric Scorer : 0:0:19 : No columns selected for reference
2021-12-29 15:55:27,657 : ERROR : main :  : MAEFileUtils :  :  : Schrodinger Knime plugins: Neither SCHRODINGER environment nor preference is set. You can set SCHRODINGER installation location in the Schrodinger Preferences.
2021-12-29 15:55:27,661 : WARN  : main :  : SchrodFileUtils :  :  : SCHRODINGER is not set properly.
2021-12-29 15:55:27,663 : WARN  : Thread-6 :  : PythonService :  :  : PythonService is not initilized
2021-12-29 15:55:27,683 : WARN  : Thread-6 :  : PythonService :  :  : Failed to start python service.
2021-12-29 15:56:24,455 : WARN  : ForkJoinPool.commonPool-worker-7 :  : MoePreferencePage :  :  : Path to MOE not set in Preferences. Please check!
2021-12-29 15:56:30,077 : ERROR : ModalContext :  : LoadWorkflowRunnable :  :  : Errors during load: Status: DataLoadError: Knime_Machine_Learning 1 0 loaded with error during data load
2021-12-29 15:56:30,084 : ERROR : ModalContext :  : LoadWorkflowRunnable :  :  :   Status: DataLoadError: Knime_Machine_Learning 1 0
2021-12-29 15:56:30,087 : ERROR : ModalContext :  : LoadWorkflowRunnable :  :  :     Status: DataLoadError: Interactive Histogram (local) 0:37
2021-12-29 15:56:30,089 : ERROR : ModalContext :  : LoadWorkflowRunnable :  :  :       Status: DataLoadError: Loading model internals failed: Binning column not found
2021-12-29 16:01:10,482 : WARN  : main :  : Node : Scatter Plot (local) : 0:43 : Some columns are ignored: bounds missing.
2021-12-29 16:01:10,485 : WARN  : main :  : Node : Scatter Plot (local) : 0:33 : Some columns are ignored: bounds missing.
2021-12-29 16:01:10,508 : WARN  : main :  : Node : Scatter Plot (local) : 0:36 : Some columns are ignored: bounds missing.
2021-12-29 16:01:10,531 : WARN  : main :  : Node : Scatter Plot (local) : 0:43 : Some columns are ignored: bounds missing.
2021-12-29 16:01:10,532 : WARN  : main :  : Node : Scatter Plot (local) : 0:33 : Some columns are ignored: bounds missing.
2021-12-29 16:01:10,533 : WARN  : main :  : Node : Interactive Histogram (local) : 0:37 : 2 columns without a valid domain will be ignored. In order to calculate the domain use the Nominal Values or Domain Calculator node.
2021-12-29 16:01:10,533 : WARN  : main :  : Node : Scatter Plot (local) : 0:36 : Some columns are ignored: bounds missing.
2021-12-29 16:01:45,798 : ERROR : main :  : MAEFileUtils :  :  : Schrodinger Knime plugins: Neither SCHRODINGER environment nor preference is set. You can set SCHRODINGER installation location in the Schrodinger Preferences.
2021-12-29 16:01:45,801 : WARN  : main :  : SchrodFileUtils :  :  : SCHRODINGER is not set properly.
2021-12-29 16:01:45,802 : WARN  : Thread-6 :  : PythonService :  :  : PythonService is not initilized
2021-12-29 16:01:45,806 : WARN  : Thread-6 :  : PythonService :  :  : Failed to start python service.
2021-12-29 16:02:29,490 : WARN  : ForkJoinPool.commonPool-worker-5 :  : MoePreferencePage :  :  : Path to MOE not set in Preferences. Please check!
2021-12-29 16:02:34,471 : ERROR : ModalContext :  : LoadWorkflowRunnable :  :  : Errors during load: Status: DataLoadError: Knime_Machine_Learning 1 0 loaded with error during data load
2021-12-29 16:02:34,476 : ERROR : ModalContext :  : LoadWorkflowRunnable :  :  :   Status: DataLoadError: Knime_Machine_Learning 1 0
2021-12-29 16:02:34,478 : ERROR : ModalContext :  : LoadWorkflowRunnable :  :  :     Status: DataLoadError: Interactive Histogram (local) 0:37
2021-12-29 16:02:34,478 : ERROR : ModalContext :  : LoadWorkflowRunnable :  :  :       Status: DataLoadError: Loading model internals failed: Binning column not found
2021-12-29 16:03:39,658 : ERROR : main :  : MAEFileUtils :  :  : Schrodinger Knime plugins: Neither SCHRODINGER environment nor preference is set. You can set SCHRODINGER installation location in the Schrodinger Preferences.
2021-12-29 16:03:39,663 : WARN  : main :  : SchrodFileUtils :  :  : SCHRODINGER is not set properly.
2021-12-29 16:03:39,664 : WARN  : Thread-6 :  : PythonService :  :  : PythonService is not initilized
2021-12-29 16:03:39,682 : WARN  : Thread-6 :  : PythonService :  :  : Failed to start python service.
2021-12-29 16:04:21,581 : WARN  : ForkJoinPool.commonPool-worker-3 :  : MoePreferencePage :  :  : Path to MOE not set in Preferences. Please check!
2021-12-29 16:04:25,849 : ERROR : ModalContext :  : LoadWorkflowRunnable :  :  : Errors during load: Status: DataLoadError: Knime_Machine_Learning 1 0 loaded with error during data load
2021-12-29 16:04:25,855 : ERROR : ModalContext :  : LoadWorkflowRunnable :  :  :   Status: DataLoadError: Knime_Machine_Learning 1 0
2021-12-29 16:04:25,856 : ERROR : ModalContext :  : LoadWorkflowRunnable :  :  :     Status: DataLoadError: Interactive Histogram (local) 0:37
2021-12-29 16:04:25,856 : ERROR : ModalContext :  : LoadWorkflowRunnable :  :  :       Status: DataLoadError: Loading model internals failed: Binning column not found
2021-12-29 16:22:22,704 : ERROR : main :  : Node : XGBoost Linear Ensemble Learner (Regression) : 0:67:3 : Could not save model
java.lang.NullPointerException
	at org.knime.xgboost.base.nodes.learner.XGBLearnerNodeModel.saveSettingsTo(XGBLearnerNodeModel.java:268)
	at org.knime.core.node.Node.saveModelSettingsTo(Node.java:2361)
	at org.knime.core.node.workflow.NativeNodeContainer.performSaveModelSettingsTo(NativeNodeContainer.java:1094)
	at org.knime.core.node.workflow.SingleNodeContainer.saveSNCSettings(SingleNodeContainer.java:887)
	at org.knime.core.node.workflow.SingleNodeContainer.saveSettings(SingleNodeContainer.java:853)
	at org.knime.core.node.workflow.NativeNodeContainer.getDialogPaneWithSettings(NativeNodeContainer.java:1298)
	at org.knime.core.node.workflow.NodeContainer.getDialogPaneWithSettings(NodeContainer.java:1036)
	at org.knime.core.ui.wrapper.NodeContainerWrapper.getDialogPaneWithSettings(NodeContainerWrapper.java:130)
	at org.knime.workbench.ui.wrapper.WrappedNodeDialog.lambda$0(WrappedNodeDialog.java:156)
	at org.knime.workbench.ui.async.AsyncUtil.ncAsyncSwitchRethrow(AsyncUtil.java:247)
	at org.knime.workbench.ui.wrapper.WrappedNodeDialog.<init>(WrappedNodeDialog.java:156)
	at org.knime.workbench.editor2.editparts.NodeContainerEditPart.openDialog(NodeContainerEditPart.java:933)
	at org.knime.workbench.editor2.editparts.NodeContainerEditPart.openNodeDialog(NodeContainerEditPart.java:843)
	at org.knime.workbench.editor2.actions.OpenDialogAction.runOnNodes(OpenDialogAction.java:129)
	at org.knime.workbench.editor2.actions.AbstractNodeAction.runInSWT(AbstractNodeAction.java:174)
	at org.knime.workbench.editor2.actions.AbstractNodeAction$1.run(AbstractNodeAction.java:160)
	at org.eclipse.swt.widgets.Synchronizer.syncExec(Synchronizer.java:236)
	at org.eclipse.ui.internal.UISynchronizer.syncExec(UISynchronizer.java:133)
	at org.eclipse.swt.widgets.Display.syncExec(Display.java:5048)
	at org.knime.workbench.editor2.actions.AbstractNodeAction.run(AbstractNodeAction.java:157)
	at org.eclipse.jface.action.Action.runWithEvent(Action.java:474)
	at org.eclipse.jface.action.ActionContributionItem.handleWidgetSelection(ActionContributionItem.java:580)
	at org.eclipse.jface.action.ActionContributionItem.lambda$4(ActionContributionItem.java:414)
	at org.eclipse.swt.widgets.EventTable.sendEvent(EventTable.java:89)
	at org.eclipse.swt.widgets.Display.sendEvent(Display.java:4441)
	at org.eclipse.swt.widgets.Widget.sendEvent(Widget.java:1512)
	at org.eclipse.swt.widgets.Widget.sendEvent(Widget.java:1535)
	at org.eclipse.swt.widgets.Widget.sendEvent(Widget.java:1520)
	at org.eclipse.swt.widgets.Widget.notifyListeners(Widget.java:1324)
	at org.eclipse.swt.widgets.Display.runDeferredEvents(Display.java:4227)
	at org.eclipse.swt.widgets.Display.readAndDispatch(Display.java:3837)
	at org.eclipse.e4.ui.internal.workbench.swt.PartRenderingEngine$5.run(PartRenderingEngine.java:1157)
	at org.eclipse.core.databinding.observable.Realm.runWithDefault(Realm.java:338)
	at org.eclipse.e4.ui.internal.workbench.swt.PartRenderingEngine.run(PartRenderingEngine.java:1046)
	at org.eclipse.e4.ui.internal.workbench.E4Workbench.createAndRunUI(E4Workbench.java:155)
	at org.eclipse.ui.internal.Workbench.lambda$3(Workbench.java:644)
	at org.eclipse.core.databinding.observable.Realm.runWithDefault(Realm.java:338)
	at org.eclipse.ui.internal.Workbench.createAndRunWorkbench(Workbench.java:551)
	at org.eclipse.ui.PlatformUI.createAndRunWorkbench(PlatformUI.java:156)
	at org.knime.product.rcp.KNIMEApplication.start(KNIMEApplication.java:184)
	at org.eclipse.equinox.internal.app.EclipseAppHandle.run(EclipseAppHandle.java:203)
	at org.eclipse.core.runtime.internal.adaptor.EclipseAppLauncher.runApplication(EclipseAppLauncher.java:134)
	at org.eclipse.core.runtime.internal.adaptor.EclipseAppLauncher.start(EclipseAppLauncher.java:104)
	at org.eclipse.core.runtime.adaptor.EclipseStarter.run(EclipseStarter.java:401)
	at org.eclipse.core.runtime.adaptor.EclipseStarter.run(EclipseStarter.java:255)
	at java.base/jdk.internal.reflect.NativeMethodAccessorImpl.invoke0(Native Method)
	at java.base/jdk.internal.reflect.NativeMethodAccessorImpl.invoke(Unknown Source)
	at java.base/jdk.internal.reflect.DelegatingMethodAccessorImpl.invoke(Unknown Source)
	at java.base/java.lang.reflect.Method.invoke(Unknown Source)
	at org.eclipse.equinox.launcher.Main.invokeFramework(Main.java:653)
	at org.eclipse.equinox.launcher.Main.basicRun(Main.java:590)
	at org.eclipse.equinox.launcher.Main.run(Main.java:1461)
2021-12-29 16:22:22,710 : ERROR : main :  : GenericNodeDialog : XGBoost Linear Ensemble Learner (Regression) : 0:67:3 : Error loading model settings
java.lang.ArrayIndexOutOfBoundsException: Index -1 out of bounds for length 0
	at org.knime.core.data.DataTableSpec.getColumnSpec(DataTableSpec.java:771)
	at org.knime.xgboost.base.nodes.learner.DataSettings.loadFrom(DataSettings.java:151)
	at org.knime.xgboost.base.nodes.dialog.AbstractDialogContent.loadFrom(AbstractDialogContent.java:73)
	at org.knime.xgboost.base.nodes.dialog.Tab.loadSettingsFrom(Tab.java:120)
	at org.knime.xgboost.base.nodes.dialog.GenericNodeDialog.loadSettingsFrom(GenericNodeDialog.java:96)
	at org.knime.core.node.NodeDialogPane.callDerivedLoadSettingsFrom(NodeDialogPane.java:513)
	at org.knime.core.node.NodeDialogPane$3.run(NodeDialogPane.java:466)
	at org.knime.core.node.util.ViewUtils$3.run(ViewUtils.java:353)
	at org.knime.core.node.util.ViewUtils$2.run(ViewUtils.java:155)
	at java.desktop/java.awt.event.InvocationEvent.dispatch(Unknown Source)
	at java.desktop/java.awt.EventQueue.dispatchEventImpl(Unknown Source)
	at java.desktop/java.awt.EventQueue$4.run(Unknown Source)
	at java.desktop/java.awt.EventQueue$4.run(Unknown Source)
	at java.base/java.security.AccessController.doPrivileged(Native Method)
	at java.base/java.security.ProtectionDomain$JavaSecurityAccessImpl.doIntersectionPrivilege(Unknown Source)
	at java.desktop/java.awt.EventQueue.dispatchEvent(Unknown Source)
	at java.desktop/java.awt.EventDispatchThread.pumpOneEventForFilters(Unknown Source)
	at java.desktop/java.awt.EventDispatchThread.pumpEventsForFilter(Unknown Source)
	at java.desktop/java.awt.EventDispatchThread.pumpEventsForHierarchy(Unknown Source)
	at java.desktop/java.awt.EventDispatchThread.pumpEvents(Unknown Source)
	at java.desktop/java.awt.EventDispatchThread.pumpEvents(Unknown Source)
	at java.desktop/java.awt.EventDispatchThread.run(Unknown Source)
2021-12-29 16:22:26,881 : WARN  : main :  : Node : XGBoost Linear Ensemble Learner (Regression) : 0:67:3 : No possible values available for column 'dt (String)'.
2021-12-29 16:22:30,414 : WARN  : KNIME-Worker-8-X-Partitioner 0:67:2 :  : Node : XGBoost Linear Ensemble Learner (Regression) : 0:67:3 : No possible values available for column 'dt (String)'.
2021-12-29 16:22:43,142 : WARN  : main :  : Node : X-Aggregator : 0:67:1 : No such column: class
2021-12-29 16:22:49,752 : WARN  : KNIME-Worker-10-XGBoost Predictor (Regression) 0:67:4 :  : Node : X-Aggregator : 0:67:1 : No such column: class
2021-12-29 16:23:00,871 : WARN  : main :  : Node : Numeric Scorer : 0:67:5 : No columns selected for reference
2021-12-29 16:23:05,019 : WARN  : KNIME-Worker-9-X-Partitioner 0:67:2 :  : Node : Numeric Scorer : 0:67:5 : No columns selected for reference
2021-12-29 16:23:05,589 : WARN  : KNIME-Worker-8-X-Aggregator 0:67:1 :  : Node : Numeric Scorer : 0:67:5 : No columns selected for reference
2022-01-04 12:22:48,955 : ERROR : main :  : MAEFileUtils :  :  : Schrodinger Knime plugins: Neither SCHRODINGER environment nor preference is set. You can set SCHRODINGER installation location in the Schrodinger Preferences.
2022-01-04 12:22:48,958 : WARN  : main :  : SchrodFileUtils :  :  : SCHRODINGER is not set properly.
2022-01-04 12:22:48,959 : WARN  : Thread-6 :  : PythonService :  :  : PythonService is not initilized
2022-01-04 12:22:48,967 : WARN  : Thread-6 :  : PythonService :  :  : Failed to start python service.
2022-01-04 12:23:28,409 : WARN  : ForkJoinPool.commonPool-worker-5 :  : MoePreferencePage :  :  : Path to MOE not set in Preferences. Please check!
2022-01-04 12:24:07,934 : ERROR : ModalContext :  : LoadWorkflowRunnable :  :  : Errors during load: Status: DataLoadError: Knime_Machine_Learning 1 0 loaded with error during data load
2022-01-04 12:24:07,936 : ERROR : ModalContext :  : LoadWorkflowRunnable :  :  :   Status: DataLoadError: Knime_Machine_Learning 1 0
2022-01-04 12:24:07,936 : ERROR : ModalContext :  : LoadWorkflowRunnable :  :  :     Status: DataLoadError: Interactive Histogram (local) 0:37
2022-01-04 12:24:07,936 : ERROR : ModalContext :  : LoadWorkflowRunnable :  :  :       Status: DataLoadError: Loading model internals failed: Binning column not found
2022-01-04 12:31:38,961 : ERROR : main :  : MAEFileUtils :  :  : Schrodinger Knime plugins: Neither SCHRODINGER environment nor preference is set. You can set SCHRODINGER installation location in the Schrodinger Preferences.
2022-01-04 12:31:38,964 : WARN  : main :  : SchrodFileUtils :  :  : SCHRODINGER is not set properly.
2022-01-04 12:31:38,965 : WARN  : Thread-5 :  : PythonService :  :  : PythonService is not initilized
2022-01-04 12:31:38,969 : WARN  : Thread-5 :  : PythonService :  :  : Failed to start python service.
2022-01-04 12:32:08,089 : WARN  : ForkJoinPool.commonPool-worker-3 :  : MoePreferencePage :  :  : Path to MOE not set in Preferences. Please check!
2022-01-04 12:32:11,378 : ERROR : ModalContext :  : LoadWorkflowRunnable :  :  : Errors during load: Status: DataLoadError: Knime_Machine_Learning 1 0 loaded with error during data load
2022-01-04 12:32:11,382 : ERROR : ModalContext :  : LoadWorkflowRunnable :  :  :   Status: DataLoadError: Knime_Machine_Learning 1 0
2022-01-04 12:32:11,382 : ERROR : ModalContext :  : LoadWorkflowRunnable :  :  :     Status: DataLoadError: Interactive Histogram (local) 0:37
2022-01-04 12:32:11,382 : ERROR : ModalContext :  : LoadWorkflowRunnable :  :  :       Status: DataLoadError: Loading model internals failed: Binning column not found
2022-01-04 12:34:30,089 : WARN  : main :  : Node : Math Formula : 0:69:46 : No such column: LandAverageTemperature(next month)
2022-01-04 12:36:13,099 : WARN  : main :  : Node : Math Formula : 0:69:46 : No such column: LandAverageTemperature(next month)
2022-01-04 12:36:16,727 : WARN  : KNIME-Worker-5-Column Filter 0:69:45 :  : Node : Math Formula : 0:69:46 : No such column: LandAverageTemperature(next month)
2022-01-04 12:36:31,923 : WARN  : main :  : WrappedNodeDialog : Math Formula : 0:69:46 : failed to apply settings: No such column: LandAverageTemperature(next month)
org.knime.core.node.InvalidSettingsException: No such column: LandAverageTemperature(next month)
	at org.knime.ext.jep.ExpressionParser.handleColumn(ExpressionParser.java:348)
	at org.knime.ext.jep.ExpressionParser.dollarFound(ExpressionParser.java:264)
	at org.knime.ext.jep.ExpressionParser.parse(ExpressionParser.java:171)
	at org.knime.ext.jep.ExpressionParser.<init>(ExpressionParser.java:146)
	at org.knime.ext.jep.JEPNodeDialogPane.saveSettingsTo(JEPNodeDialogPane.java:354)
	at org.knime.core.node.NodeDialogPane.internalSaveSettingsTo(NodeDialogPane.java:532)
	at org.knime.core.node.NodeDialogPane$4.run(NodeDialogPane.java:766)
	at org.knime.core.node.util.ViewUtils$3.run(ViewUtils.java:353)
	at org.knime.core.node.util.ViewUtils$2.run(ViewUtils.java:155)
	at java.desktop/java.awt.event.InvocationEvent.dispatch(Unknown Source)
	at java.desktop/java.awt.EventQueue.dispatchEventImpl(Unknown Source)
	at java.desktop/java.awt.EventQueue$4.run(Unknown Source)
	at java.desktop/java.awt.EventQueue$4.run(Unknown Source)
	at java.base/java.security.AccessController.doPrivileged(Native Method)
	at java.base/java.security.ProtectionDomain$JavaSecurityAccessImpl.doIntersectionPrivilege(Unknown Source)
	at java.desktop/java.awt.EventQueue.dispatchEvent(Unknown Source)
	at java.desktop/java.awt.EventDispatchThread.pumpOneEventForFilters(Unknown Source)
	at java.desktop/java.awt.EventDispatchThread.pumpEventsForFilter(Unknown Source)
	at java.desktop/java.awt.EventDispatchThread.pumpEventsForHierarchy(Unknown Source)
	at java.desktop/java.awt.EventDispatchThread.pumpEvents(Unknown Source)
	at java.desktop/java.awt.EventDispatchThread.pumpEvents(Unknown Source)
	at java.desktop/java.awt.EventDispatchThread.run(Unknown Source)
2022-01-04 12:38:26,511 : WARN  : main :  : Node : Math Formula : 0:69:46 : No such column: LandAverageTemperature(next month)
2022-01-04 12:43:06,010 : WARN  : KNIME-Worker-10-Column Filter 0:67:45 :  : NodeContainer : Column Filter : 0:67:45 : Can't continue loop as the workflow was restored with the loop being partially executed. Reset loop start and execute entire loop again.
org.knime.core.node.workflow.IllegalFlowObjectStackException: Can't continue loop as the workflow was restored with the loop being partially executed. Reset loop start and execute entire loop again.
	at org.knime.core.node.workflow.WorkflowManager.doBeforeExecution(WorkflowManager.java:3182)
	at org.knime.core.node.workflow.NodeContainer.notifyParentExecuteStart(NodeContainer.java:607)
	at org.knime.core.node.workflow.NodeExecutionJob.internalRun(NodeExecutionJob.java:171)
	at org.knime.core.node.workflow.NodeExecutionJob.run(NodeExecutionJob.java:117)
	at org.knime.core.util.ThreadUtils$RunnableWithContextImpl.runWithContext(ThreadUtils.java:365)
	at org.knime.core.util.ThreadUtils$RunnableWithContext.run(ThreadUtils.java:219)
	at java.base/java.util.concurrent.Executors$RunnableAdapter.call(Unknown Source)
	at java.base/java.util.concurrent.FutureTask.run(Unknown Source)
	at org.knime.core.util.ThreadPool$MyFuture.run(ThreadPool.java:123)
	at org.knime.core.util.ThreadPool$Worker.run(ThreadPool.java:246)
2022-01-04 12:43:45,304 : WARN  : KNIME-Worker-11-Column Filter 0:67:45 :  : NodeContainer : Column Filter : 0:67:45 : Can't continue loop as the workflow was restored with the loop being partially executed. Reset loop start and execute entire loop again.
org.knime.core.node.workflow.IllegalFlowObjectStackException: Can't continue loop as the workflow was restored with the loop being partially executed. Reset loop start and execute entire loop again.
	at org.knime.core.node.workflow.WorkflowManager.doBeforeExecution(WorkflowManager.java:3182)
	at org.knime.core.node.workflow.NodeContainer.notifyParentExecuteStart(NodeContainer.java:607)
	at org.knime.core.node.workflow.NodeExecutionJob.internalRun(NodeExecutionJob.java:171)
	at org.knime.core.node.workflow.NodeExecutionJob.run(NodeExecutionJob.java:117)
	at org.knime.core.util.ThreadUtils$RunnableWithContextImpl.runWithContext(ThreadUtils.java:365)
	at org.knime.core.util.ThreadUtils$RunnableWithContext.run(ThreadUtils.java:219)
	at java.base/java.util.concurrent.Executors$RunnableAdapter.call(Unknown Source)
	at java.base/java.util.concurrent.FutureTask.run(Unknown Source)
	at org.knime.core.util.ThreadPool$MyFuture.run(ThreadPool.java:123)
	at org.knime.core.util.ThreadPool$Worker.run(ThreadPool.java:246)
2022-01-04 12:44:00,476 : WARN  : KNIME-Worker-12-Column Filter 0:67:45 :  : NodeContainer : Column Filter : 0:67:45 : Can't continue loop as the workflow was restored with the loop being partially executed. Reset loop start and execute entire loop again.
org.knime.core.node.workflow.IllegalFlowObjectStackException: Can't continue loop as the workflow was restored with the loop being partially executed. Reset loop start and execute entire loop again.
	at org.knime.core.node.workflow.WorkflowManager.doBeforeExecution(WorkflowManager.java:3182)
	at org.knime.core.node.workflow.NodeContainer.notifyParentExecuteStart(NodeContainer.java:607)
	at org.knime.core.node.workflow.NodeExecutionJob.internalRun(NodeExecutionJob.java:171)
	at org.knime.core.node.workflow.NodeExecutionJob.run(NodeExecutionJob.java:117)
	at org.knime.core.util.ThreadUtils$RunnableWithContextImpl.runWithContext(ThreadUtils.java:365)
	at org.knime.core.util.ThreadUtils$RunnableWithContext.run(ThreadUtils.java:219)
	at java.base/java.util.concurrent.Executors$RunnableAdapter.call(Unknown Source)
	at java.base/java.util.concurrent.FutureTask.run(Unknown Source)
	at org.knime.core.util.ThreadPool$MyFuture.run(ThreadPool.java:123)
	at org.knime.core.util.ThreadPool$Worker.run(ThreadPool.java:246)
2022-01-04 13:06:38,587 : WARN  : main :  : Node : X-Aggregator : 0:73:1 : No such column: Prediction (LandAverageTemperature(next month))
2022-01-04 13:14:33,279 : WARN  : main :  : Node : Math Formula : 0:73:54 : No such column: LandAverageTemperature(next month)
2022-01-04 13:14:38,877 : WARN  : KNIME-Worker-58-Column Filter 0:73:53 :  : Node : Math Formula : 0:73:54 : No such column: LandAverageTemperature(next month)
2022-01-04 13:14:48,935 : WARN  : main :  : Node : Math Formula : 0:73:54 : No such column: LandAverageTemperature(next month)
2022-01-04 13:14:51,732 : WARN  : KNIME-Worker-59-Column Filter 0:73:53 :  : Node : Math Formula : 0:73:54 : No such column: LandAverageTemperature(next month)
2022-01-04 13:15:04,557 : WARN  : main :  : WrappedNodeDialog : Math Formula : 0:73:54 : failed to apply settings: No such column: LandAverageTemperature(next month)
org.knime.core.node.InvalidSettingsException: No such column: LandAverageTemperature(next month)
	at org.knime.ext.jep.ExpressionParser.handleColumn(ExpressionParser.java:348)
	at org.knime.ext.jep.ExpressionParser.dollarFound(ExpressionParser.java:264)
	at org.knime.ext.jep.ExpressionParser.parse(ExpressionParser.java:171)
	at org.knime.ext.jep.ExpressionParser.<init>(ExpressionParser.java:146)
	at org.knime.ext.jep.JEPNodeDialogPane.saveSettingsTo(JEPNodeDialogPane.java:354)
	at org.knime.core.node.NodeDialogPane.internalSaveSettingsTo(NodeDialogPane.java:532)
	at org.knime.core.node.NodeDialogPane$4.run(NodeDialogPane.java:766)
	at org.knime.core.node.util.ViewUtils$3.run(ViewUtils.java:353)
	at org.knime.core.node.util.ViewUtils$2.run(ViewUtils.java:155)
	at java.desktop/java.awt.event.InvocationEvent.dispatch(Unknown Source)
	at java.desktop/java.awt.EventQueue.dispatchEventImpl(Unknown Source)
	at java.desktop/java.awt.EventQueue$4.run(Unknown Source)
	at java.desktop/java.awt.EventQueue$4.run(Unknown Source)
	at java.base/java.security.AccessController.doPrivileged(Native Method)
	at java.base/java.security.ProtectionDomain$JavaSecurityAccessImpl.doIntersectionPrivilege(Unknown Source)
	at java.desktop/java.awt.EventQueue.dispatchEvent(Unknown Source)
	at java.desktop/java.awt.EventDispatchThread.pumpOneEventForFilters(Unknown Source)
	at java.desktop/java.awt.EventDispatchThread.pumpEventsForFilter(Unknown Source)
	at java.desktop/java.awt.EventDispatchThread.pumpEventsForHierarchy(Unknown Source)
	at java.desktop/java.awt.EventDispatchThread.pumpEvents(Unknown Source)
	at java.desktop/java.awt.EventDispatchThread.pumpEvents(Unknown Source)
	at java.desktop/java.awt.EventDispatchThread.run(Unknown Source)
2022-01-04 13:16:16,296 : WARN  : main :  : Node : Math Formula : 0:73:54 : No such column: LandAverageTemperature(next month)
2022-01-04 13:21:05,547 : ERROR : KNIME-Worker-68-LinearRegression (3.6) 0:74:41 :  : Node : LinearRegression (3.6) : 0:74:41 : Execute failed: Weka classifier cannot work with given data. Reason: weka.classifiers.functions.LinearRegression: Cannot handle string attributes!
java.lang.Exception: Weka classifier cannot work with given data. Reason: weka.classifiers.functions.LinearRegression: Cannot handle string attributes!
	at org.knime.ext.weka366.classifier.WekaClassifierNodeModel.execute(WekaClassifierNodeModel.java:200)
	at org.knime.core.node.NodeModel.executeModel(NodeModel.java:549)
	at org.knime.core.node.Node.invokeFullyNodeModelExecute(Node.java:1259)
	at org.knime.core.node.Node.execute(Node.java:1039)
	at org.knime.core.node.workflow.NativeNodeContainer.performExecuteNode(NativeNodeContainer.java:559)
	at org.knime.core.node.exec.LocalNodeExecutionJob.mainExecute(LocalNodeExecutionJob.java:95)
	at org.knime.core.node.workflow.NodeExecutionJob.internalRun(NodeExecutionJob.java:201)
	at org.knime.core.node.workflow.NodeExecutionJob.run(NodeExecutionJob.java:117)
	at org.knime.core.util.ThreadUtils$RunnableWithContextImpl.runWithContext(ThreadUtils.java:365)
	at org.knime.core.util.ThreadUtils$RunnableWithContext.run(ThreadUtils.java:219)
	at java.base/java.util.concurrent.Executors$RunnableAdapter.call(Unknown Source)
	at java.base/java.util.concurrent.FutureTask.run(Unknown Source)
	at org.knime.core.util.ThreadPool$MyFuture.run(ThreadPool.java:123)
	at org.knime.core.util.ThreadPool$Worker.run(ThreadPool.java:246)
2022-01-04 13:32:24,528 : WARN  : main :  : Node : Math Formula : 0:75:46 : No such column: LandAverageTemperature(next month)
